{"/Users/adair/Projects/xserver-vps-renew/xserver-vps-renew.mjs": {"path":"/Users/adair/Projects/xserver-vps-renew/xserver-vps-renew.mjs","statementMap":{"0":{"start":{"line":58,"column":2},"end":{"line":58,"column":null}},"1":{"start":{"line":63,"column":2},"end":{"line":63,"column":null}},"2":{"start":{"line":68,"column":2},"end":{"line":68,"column":null}},"3":{"start":{"line":73,"column":2},"end":{"line":73,"column":null}},"4":{"start":{"line":78,"column":2},"end":{"line":78,"column":null}},"5":{"start":{"line":83,"column":17},"end":{"line":83,"column":46}},"6":{"start":{"line":84,"column":0},"end":{"line":84,"column":null}},"7":{"start":{"line":90,"column":15},"end":{"line":122,"column":1}},"8":{"start":{"line":125,"column":0},"end":{"line":127,"column":null}},"9":{"start":{"line":126,"column":2},"end":{"line":126,"column":null}},"10":{"start":{"line":130,"column":18},"end":{"line":130,"column":84}},"11":{"start":{"line":138,"column":17},"end":{"line":138,"column":150}},"12":{"start":{"line":141,"column":19},"end":{"line":141,"column":27}},"13":{"start":{"line":148,"column":21},"end":{"line":154,"column":3}},"14":{"start":{"line":155,"column":2},"end":{"line":155,"column":null}},"15":{"start":{"line":155,"column":31},"end":{"line":155,"column":45}},"16":{"start":{"line":163,"column":21},"end":{"line":163,"column":51}},"17":{"start":{"line":169,"column":11},"end":{"line":181,"column":1}},"18":{"start":{"line":170,"column":14},"end":{"line":170,"column":24}},"19":{"start":{"line":171,"column":2},"end":{"line":180,"column":null}},"20":{"start":{"line":183,"column":12},"end":{"line":183,"column":50}},"21":{"start":{"line":183,"column":21},"end":{"line":183,"column":50}},"22":{"start":{"line":184,"column":12},"end":{"line":184,"column":54}},"23":{"start":{"line":184,"column":21},"end":{"line":184,"column":54}},"24":{"start":{"line":188,"column":2},"end":{"line":188,"column":null}},"25":{"start":{"line":196,"column":2},"end":{"line":196,"column":null}},"26":{"start":{"line":196,"column":50},"end":{"line":196,"column":null}},"27":{"start":{"line":198,"column":14},"end":{"line":198,"column":78}},"28":{"start":{"line":199,"column":2},"end":{"line":228,"column":null}},"29":{"start":{"line":200,"column":23},"end":{"line":200,"column":44}},"30":{"start":{"line":201,"column":22},"end":{"line":201,"column":66}},"31":{"start":{"line":201,"column":39},"end":{"line":201,"column":57}},"32":{"start":{"line":203,"column":4},"end":{"line":217,"column":null}},"33":{"start":{"line":204,"column":6},"end":{"line":214,"column":null}},"34":{"start":{"line":216,"column":6},"end":{"line":216,"column":null}},"35":{"start":{"line":219,"column":4},"end":{"line":223,"column":null}},"36":{"start":{"line":220,"column":19},"end":{"line":220,"column":35}},"37":{"start":{"line":221,"column":6},"end":{"line":221,"column":null}},"38":{"start":{"line":222,"column":6},"end":{"line":222,"column":null}},"39":{"start":{"line":225,"column":4},"end":{"line":225,"column":null}},"40":{"start":{"line":227,"column":4},"end":{"line":227,"column":null}},"41":{"start":{"line":237,"column":2},"end":{"line":239,"column":null}},"42":{"start":{"line":238,"column":4},"end":{"line":238,"column":null}},"43":{"start":{"line":244,"column":13},"end":{"line":244,"column":35}},"44":{"start":{"line":245,"column":2},"end":{"line":245,"column":null}},"45":{"start":{"line":245,"column":11},"end":{"line":245,"column":null}},"46":{"start":{"line":246,"column":2},"end":{"line":246,"column":null}},"47":{"start":{"line":246,"column":30},"end":{"line":246,"column":50}},"48":{"start":{"line":251,"column":2},"end":{"line":254,"column":null}},"49":{"start":{"line":252,"column":21},"end":{"line":252,"column":45}},"50":{"start":{"line":253,"column":4},"end":{"line":253,"column":null}},"51":{"start":{"line":253,"column":9},"end":{"line":253,"column":44}},"52":{"start":{"line":262,"column":2},"end":{"line":262,"column":null}},"53":{"start":{"line":263,"column":2},"end":{"line":266,"column":null}},"54":{"start":{"line":269,"column":2},"end":{"line":272,"column":null}},"55":{"start":{"line":270,"column":4},"end":{"line":270,"column":null}},"56":{"start":{"line":271,"column":4},"end":{"line":271,"column":null}},"57":{"start":{"line":275,"column":20},"end":{"line":275,"column":56}},"58":{"start":{"line":276,"column":2},"end":{"line":278,"column":null}},"59":{"start":{"line":277,"column":4},"end":{"line":277,"column":null}},"60":{"start":{"line":280,"column":2},"end":{"line":280,"column":null}},"61":{"start":{"line":281,"column":2},"end":{"line":281,"column":null}},"62":{"start":{"line":282,"column":2},"end":{"line":282,"column":null}},"63":{"start":{"line":285,"column":20},"end":{"line":286,"column":55}},"64":{"start":{"line":288,"column":2},"end":{"line":295,"column":null}},"65":{"start":{"line":289,"column":4},"end":{"line":289,"column":null}},"66":{"start":{"line":291,"column":4},"end":{"line":294,"column":null}},"67":{"start":{"line":293,"column":42},"end":{"line":293,"column":55}},"68":{"start":{"line":297,"column":2},"end":{"line":299,"column":null}},"69":{"start":{"line":298,"column":4},"end":{"line":298,"column":null}},"70":{"start":{"line":301,"column":2},"end":{"line":301,"column":null}},"71":{"start":{"line":309,"column":2},"end":{"line":309,"column":null}},"72":{"start":{"line":311,"column":2},"end":{"line":316,"column":null}},"73":{"start":{"line":312,"column":4},"end":{"line":315,"column":null}},"74":{"start":{"line":320,"column":20},"end":{"line":320,"column":44}},"75":{"start":{"line":321,"column":16},"end":{"line":321,"column":62}},"76":{"start":{"line":322,"column":19},"end":{"line":322,"column":76}},"77":{"start":{"line":323,"column":2},"end":{"line":323,"column":null}},"78":{"start":{"line":324,"column":2},"end":{"line":324,"column":null}},"79":{"start":{"line":326,"column":17},"end":{"line":363,"column":4}},"80":{"start":{"line":327,"column":16},"end":{"line":327,"column":64}},"81":{"start":{"line":328,"column":4},"end":{"line":330,"column":null}},"82":{"start":{"line":329,"column":6},"end":{"line":329,"column":null}},"83":{"start":{"line":332,"column":19},"end":{"line":332,"column":55}},"84":{"start":{"line":333,"column":23},"end":{"line":333,"column":86}},"85":{"start":{"line":336,"column":18},"end":{"line":336,"column":44}},"86":{"start":{"line":338,"column":21},"end":{"line":338,"column":25}},"87":{"start":{"line":339,"column":15},"end":{"line":339,"column":19}},"88":{"start":{"line":342,"column":4},"end":{"line":355,"column":null}},"89":{"start":{"line":343,"column":19},"end":{"line":343,"column":63}},"90":{"start":{"line":346,"column":6},"end":{"line":349,"column":null}},"91":{"start":{"line":348,"column":8},"end":{"line":348,"column":null}},"92":{"start":{"line":352,"column":6},"end":{"line":354,"column":null}},"93":{"start":{"line":353,"column":8},"end":{"line":353,"column":null}},"94":{"start":{"line":357,"column":4},"end":{"line":362,"column":null}},"95":{"start":{"line":365,"column":2},"end":{"line":368,"column":null}},"96":{"start":{"line":366,"column":4},"end":{"line":366,"column":null}},"97":{"start":{"line":367,"column":4},"end":{"line":367,"column":null}},"98":{"start":{"line":371,"column":26},"end":{"line":371,"column":98}},"99":{"start":{"line":372,"column":20},"end":{"line":372,"column":80}},"100":{"start":{"line":374,"column":2},"end":{"line":374,"column":null}},"101":{"start":{"line":375,"column":2},"end":{"line":375,"column":null}},"102":{"start":{"line":376,"column":2},"end":{"line":376,"column":null}},"103":{"start":{"line":379,"column":23},"end":{"line":379,"column":84}},"104":{"start":{"line":380,"column":2},"end":{"line":383,"column":null}},"105":{"start":{"line":381,"column":4},"end":{"line":381,"column":null}},"106":{"start":{"line":382,"column":4},"end":{"line":382,"column":null}},"107":{"start":{"line":385,"column":2},"end":{"line":387,"column":null}},"108":{"start":{"line":386,"column":4},"end":{"line":386,"column":null}},"109":{"start":{"line":389,"column":19},"end":{"line":389,"column":88}},"110":{"start":{"line":390,"column":25},"end":{"line":390,"column":42}},"111":{"start":{"line":391,"column":2},"end":{"line":393,"column":null}},"112":{"start":{"line":392,"column":4},"end":{"line":392,"column":null}},"113":{"start":{"line":394,"column":2},"end":{"line":394,"column":null}},"114":{"start":{"line":397,"column":2},"end":{"line":404,"column":null}},"115":{"start":{"line":412,"column":2},"end":{"line":412,"column":null}},"116":{"start":{"line":413,"column":2},"end":{"line":416,"column":null}},"117":{"start":{"line":418,"column":20},"end":{"line":418,"column":91}},"118":{"start":{"line":419,"column":2},"end":{"line":419,"column":null}},"119":{"start":{"line":419,"column":18},"end":{"line":419,"column":null}},"120":{"start":{"line":421,"column":2},"end":{"line":421,"column":null}},"121":{"start":{"line":422,"column":2},"end":{"line":422,"column":null}},"122":{"start":{"line":424,"column":2},"end":{"line":424,"column":null}},"123":{"start":{"line":437,"column":16},"end":{"line":437,"column":51}},"124":{"start":{"line":438,"column":2},"end":{"line":447,"column":null}},"125":{"start":{"line":438,"column":15},"end":{"line":438,"column":16}},"126":{"start":{"line":439,"column":14},"end":{"line":439,"column":23}},"127":{"start":{"line":441,"column":17},"end":{"line":441,"column":59}},"128":{"start":{"line":442,"column":14},"end":{"line":442,"column":70}},"129":{"start":{"line":443,"column":14},"end":{"line":443,"column":70}},"130":{"start":{"line":444,"column":4},"end":{"line":444,"column":null}},"131":{"start":{"line":446,"column":4},"end":{"line":446,"column":null}},"132":{"start":{"line":457,"column":2},"end":{"line":504,"column":null}},"133":{"start":{"line":458,"column":4},"end":{"line":458,"column":null}},"134":{"start":{"line":459,"column":19},"end":{"line":459,"column":32}},"135":{"start":{"line":460,"column":27},"end":{"line":462,"column":5}},"136":{"start":{"line":461,"column":6},"end":{"line":461,"column":51}},"137":{"start":{"line":464,"column":4},"end":{"line":497,"column":null}},"138":{"start":{"line":465,"column":26},"end":{"line":465,"column":61}},"139":{"start":{"line":466,"column":6},"end":{"line":496,"column":null}},"140":{"start":{"line":467,"column":20},"end":{"line":467,"column":51}},"141":{"start":{"line":468,"column":8},"end":{"line":495,"column":null}},"142":{"start":{"line":470,"column":25},"end":{"line":470,"column":55}},"143":{"start":{"line":471,"column":25},"end":{"line":471,"column":75}},"144":{"start":{"line":474,"column":25},"end":{"line":474,"column":50}},"145":{"start":{"line":475,"column":25},"end":{"line":475,"column":50}},"146":{"start":{"line":477,"column":10},"end":{"line":478,"column":null}},"147":{"start":{"line":479,"column":10},"end":{"line":479,"column":null}},"148":{"start":{"line":482,"column":10},"end":{"line":482,"column":null}},"149":{"start":{"line":483,"column":10},"end":{"line":483,"column":null}},"150":{"start":{"line":486,"column":10},"end":{"line":486,"column":null}},"151":{"start":{"line":489,"column":10},"end":{"line":489,"column":null}},"152":{"start":{"line":492,"column":10},"end":{"line":492,"column":null}},"153":{"start":{"line":493,"column":10},"end":{"line":493,"column":null}},"154":{"start":{"line":494,"column":10},"end":{"line":494,"column":null}},"155":{"start":{"line":499,"column":4},"end":{"line":499,"column":null}},"156":{"start":{"line":500,"column":4},"end":{"line":500,"column":null}},"157":{"start":{"line":502,"column":4},"end":{"line":502,"column":null}},"158":{"start":{"line":503,"column":4},"end":{"line":503,"column":null}},"159":{"start":{"line":513,"column":2},"end":{"line":524,"column":null}},"160":{"start":{"line":514,"column":4},"end":{"line":520,"column":null}},"161":{"start":{"line":515,"column":21},"end":{"line":515,"column":80}},"162":{"start":{"line":516,"column":6},"end":{"line":518,"column":null}},"163":{"start":{"line":517,"column":8},"end":{"line":517,"column":null}},"164":{"start":{"line":517,"column":25},"end":{"line":517,"column":null}},"165":{"start":{"line":519,"column":6},"end":{"line":519,"column":null}},"166":{"start":{"line":522,"column":4},"end":{"line":522,"column":null}},"167":{"start":{"line":523,"column":4},"end":{"line":523,"column":null}},"168":{"start":{"line":528,"column":2},"end":{"line":528,"column":null}},"169":{"start":{"line":530,"column":22},"end":{"line":530,"column":51}},"170":{"start":{"line":531,"column":2},"end":{"line":534,"column":null}},"171":{"start":{"line":532,"column":4},"end":{"line":532,"column":null}},"172":{"start":{"line":533,"column":4},"end":{"line":533,"column":null}},"173":{"start":{"line":537,"column":26},"end":{"line":546,"column":22}},"174":{"start":{"line":538,"column":16},"end":{"line":538,"column":55}},"175":{"start":{"line":539,"column":4},"end":{"line":539,"column":null}},"176":{"start":{"line":539,"column":14},"end":{"line":539,"column":null}},"177":{"start":{"line":540,"column":4},"end":{"line":545,"column":null}},"178":{"start":{"line":546,"column":17},"end":{"line":546,"column":21}},"179":{"start":{"line":548,"column":2},"end":{"line":550,"column":null}},"180":{"start":{"line":549,"column":4},"end":{"line":549,"column":null}},"181":{"start":{"line":553,"column":24},"end":{"line":553,"column":53}},"182":{"start":{"line":555,"column":2},"end":{"line":558,"column":null}},"183":{"start":{"line":556,"column":4},"end":{"line":556,"column":null}},"184":{"start":{"line":557,"column":4},"end":{"line":557,"column":null}},"185":{"start":{"line":561,"column":21},"end":{"line":563,"column":19}},"186":{"start":{"line":562,"column":4},"end":{"line":562,"column":null}},"187":{"start":{"line":563,"column":17},"end":{"line":563,"column":18}},"188":{"start":{"line":564,"column":2},"end":{"line":564,"column":null}},"189":{"start":{"line":567,"column":2},"end":{"line":567,"column":null}},"190":{"start":{"line":568,"column":2},"end":{"line":568,"column":null}},"191":{"start":{"line":571,"column":2},"end":{"line":576,"column":null}},"192":{"start":{"line":572,"column":4},"end":{"line":572,"column":null}},"193":{"start":{"line":573,"column":4},"end":{"line":573,"column":null}},"194":{"start":{"line":575,"column":4},"end":{"line":575,"column":null}},"195":{"start":{"line":583,"column":2},"end":{"line":583,"column":null}},"196":{"start":{"line":586,"column":19},"end":{"line":586,"column":41}},"197":{"start":{"line":588,"column":2},"end":{"line":668,"column":null}},"198":{"start":{"line":589,"column":4},"end":{"line":589,"column":null}},"199":{"start":{"line":592,"column":19},"end":{"line":592,"column":53}},"200":{"start":{"line":593,"column":4},"end":{"line":596,"column":null}},"201":{"start":{"line":594,"column":6},"end":{"line":594,"column":null}},"202":{"start":{"line":595,"column":6},"end":{"line":595,"column":null}},"203":{"start":{"line":598,"column":4},"end":{"line":663,"column":null}},"204":{"start":{"line":599,"column":25},"end":{"line":599,"column":35}},"205":{"start":{"line":600,"column":21},"end":{"line":600,"column":67}},"206":{"start":{"line":603,"column":6},"end":{"line":612,"column":null}},"207":{"start":{"line":604,"column":26},"end":{"line":604,"column":72}},"208":{"start":{"line":604,"column":52},"end":{"line":604,"column":71}},"209":{"start":{"line":605,"column":8},"end":{"line":611,"column":null}},"210":{"start":{"line":606,"column":10},"end":{"line":606,"column":null}},"211":{"start":{"line":607,"column":10},"end":{"line":607,"column":null}},"212":{"start":{"line":608,"column":10},"end":{"line":608,"column":null}},"213":{"start":{"line":610,"column":10},"end":{"line":610,"column":null}},"214":{"start":{"line":615,"column":29},"end":{"line":628,"column":22}},"215":{"start":{"line":616,"column":22},"end":{"line":616,"column":76}},"216":{"start":{"line":617,"column":8},"end":{"line":623,"column":null}},"217":{"start":{"line":618,"column":31},"end":{"line":618,"column":66}},"218":{"start":{"line":619,"column":10},"end":{"line":622,"column":null}},"219":{"start":{"line":620,"column":12},"end":{"line":620,"column":null}},"220":{"start":{"line":621,"column":12},"end":{"line":621,"column":null}},"221":{"start":{"line":624,"column":8},"end":{"line":626,"column":null}},"222":{"start":{"line":625,"column":10},"end":{"line":625,"column":null}},"223":{"start":{"line":627,"column":8},"end":{"line":627,"column":null}},"224":{"start":{"line":630,"column":6},"end":{"line":634,"column":null}},"225":{"start":{"line":631,"column":8},"end":{"line":631,"column":null}},"226":{"start":{"line":633,"column":8},"end":{"line":633,"column":null}},"227":{"start":{"line":637,"column":6},"end":{"line":637,"column":null}},"228":{"start":{"line":640,"column":6},"end":{"line":640,"column":null}},"229":{"start":{"line":643,"column":26},"end":{"line":643,"column":55}},"230":{"start":{"line":645,"column":6},"end":{"line":649,"column":null}},"231":{"start":{"line":646,"column":8},"end":{"line":646,"column":null}},"232":{"start":{"line":648,"column":8},"end":{"line":648,"column":null}},"233":{"start":{"line":652,"column":6},"end":{"line":657,"column":null}},"234":{"start":{"line":653,"column":8},"end":{"line":653,"column":null}},"235":{"start":{"line":654,"column":8},"end":{"line":654,"column":null}},"236":{"start":{"line":656,"column":8},"end":{"line":656,"column":null}},"237":{"start":{"line":659,"column":6},"end":{"line":659,"column":null}},"238":{"start":{"line":661,"column":6},"end":{"line":661,"column":null}},"239":{"start":{"line":662,"column":6},"end":{"line":662,"column":null}},"240":{"start":{"line":666,"column":4},"end":{"line":666,"column":null}},"241":{"start":{"line":667,"column":4},"end":{"line":667,"column":null}},"242":{"start":{"line":676,"column":20},"end":{"line":676,"column":30}},"243":{"start":{"line":677,"column":22},"end":{"line":677,"column":32}},"244":{"start":{"line":678,"column":2},"end":{"line":696,"column":null}},"245":{"start":{"line":680,"column":18},"end":{"line":680,"column":47}},"246":{"start":{"line":682,"column":4},"end":{"line":685,"column":null}},"247":{"start":{"line":683,"column":6},"end":{"line":683,"column":null}},"248":{"start":{"line":684,"column":6},"end":{"line":684,"column":null}},"249":{"start":{"line":688,"column":16},"end":{"line":688,"column":26}},"250":{"start":{"line":689,"column":4},"end":{"line":693,"column":null}},"251":{"start":{"line":690,"column":6},"end":{"line":690,"column":null}},"252":{"start":{"line":691,"column":6},"end":{"line":691,"column":null}},"253":{"start":{"line":692,"column":6},"end":{"line":692,"column":null}},"254":{"start":{"line":695,"column":4},"end":{"line":695,"column":null}},"255":{"start":{"line":698,"column":2},"end":{"line":698,"column":null}},"256":{"start":{"line":699,"column":2},"end":{"line":699,"column":null}},"257":{"start":{"line":707,"column":2},"end":{"line":707,"column":null}},"258":{"start":{"line":710,"column":21},"end":{"line":710,"column":50}},"259":{"start":{"line":711,"column":18},"end":{"line":711,"column":22}},"260":{"start":{"line":713,"column":2},"end":{"line":871,"column":null}},"261":{"start":{"line":713,"column":21},"end":{"line":713,"column":22}},"262":{"start":{"line":714,"column":4},"end":{"line":870,"column":null}},"263":{"start":{"line":715,"column":6},"end":{"line":715,"column":null}},"264":{"start":{"line":718,"column":6},"end":{"line":718,"column":null}},"265":{"start":{"line":721,"column":25},"end":{"line":721,"column":102}},"266":{"start":{"line":721,"column":95},"end":{"line":721,"column":101}},"267":{"start":{"line":722,"column":6},"end":{"line":722,"column":null}},"268":{"start":{"line":722,"column":23},"end":{"line":722,"column":null}},"269":{"start":{"line":725,"column":34},"end":{"line":725,"column":38}},"270":{"start":{"line":726,"column":35},"end":{"line":726,"column":40}},"271":{"start":{"line":729,"column":6},"end":{"line":735,"column":null}},"272":{"start":{"line":730,"column":23},"end":{"line":730,"column":82}},"273":{"start":{"line":731,"column":8},"end":{"line":733,"column":null}},"274":{"start":{"line":732,"column":10},"end":{"line":732,"column":null}},"275":{"start":{"line":732,"column":27},"end":{"line":732,"column":null}},"276":{"start":{"line":734,"column":8},"end":{"line":734,"column":null}},"277":{"start":{"line":735,"column":21},"end":{"line":735,"column":26}},"278":{"start":{"line":738,"column":19},"end":{"line":738,"column":53}},"279":{"start":{"line":741,"column":6},"end":{"line":741,"column":null}},"280":{"start":{"line":742,"column":6},"end":{"line":744,"column":null}},"281":{"start":{"line":743,"column":8},"end":{"line":743,"column":null}},"282":{"start":{"line":747,"column":27},"end":{"line":747,"column":64}},"283":{"start":{"line":748,"column":6},"end":{"line":748,"column":null}},"284":{"start":{"line":748,"column":25},"end":{"line":748,"column":null}},"285":{"start":{"line":749,"column":6},"end":{"line":749,"column":null}},"286":{"start":{"line":750,"column":6},"end":{"line":750,"column":null}},"287":{"start":{"line":751,"column":6},"end":{"line":751,"column":null}},"288":{"start":{"line":754,"column":30},"end":{"line":754,"column":58}},"289":{"start":{"line":757,"column":6},"end":{"line":757,"column":null}},"290":{"start":{"line":758,"column":6},"end":{"line":766,"column":null}},"291":{"start":{"line":759,"column":8},"end":{"line":765,"column":null}},"292":{"start":{"line":760,"column":22},"end":{"line":760,"column":91}},"293":{"start":{"line":761,"column":10},"end":{"line":764,"column":null}},"294":{"start":{"line":762,"column":12},"end":{"line":762,"column":null}},"295":{"start":{"line":763,"column":12},"end":{"line":763,"column":null}},"296":{"start":{"line":768,"column":24},"end":{"line":768,"column":83}},"297":{"start":{"line":769,"column":6},"end":{"line":769,"column":null}},"298":{"start":{"line":769,"column":22},"end":{"line":769,"column":null}},"299":{"start":{"line":771,"column":6},"end":{"line":771,"column":null}},"300":{"start":{"line":773,"column":6},"end":{"line":773,"column":null}},"301":{"start":{"line":776,"column":6},"end":{"line":776,"column":null}},"302":{"start":{"line":777,"column":23},"end":{"line":777,"column":73}},"303":{"start":{"line":777,"column":49},"end":{"line":777,"column":72}},"304":{"start":{"line":778,"column":25},"end":{"line":778,"column":35}},"305":{"start":{"line":780,"column":6},"end":{"line":780,"column":null}},"306":{"start":{"line":783,"column":26},"end":{"line":783,"column":81}},"307":{"start":{"line":784,"column":6},"end":{"line":784,"column":null}},"308":{"start":{"line":787,"column":6},"end":{"line":801,"column":null}},"309":{"start":{"line":788,"column":28},"end":{"line":788,"column":54}},"310":{"start":{"line":789,"column":23},"end":{"line":789,"column":88}},"311":{"start":{"line":791,"column":8},"end":{"line":800,"column":null}},"312":{"start":{"line":792,"column":10},"end":{"line":792,"column":null}},"313":{"start":{"line":793,"column":10},"end":{"line":793,"column":null}},"314":{"start":{"line":795,"column":10},"end":{"line":795,"column":null}},"315":{"start":{"line":796,"column":10},"end":{"line":796,"column":null}},"316":{"start":{"line":797,"column":10},"end":{"line":797,"column":19}},"317":{"start":{"line":799,"column":10},"end":{"line":799,"column":null}},"318":{"start":{"line":804,"column":30},"end":{"line":804,"column":70}},"319":{"start":{"line":805,"column":29},"end":{"line":805,"column":80}},"320":{"start":{"line":805,"column":57},"end":{"line":805,"column":79}},"321":{"start":{"line":806,"column":6},"end":{"line":817,"column":null}},"322":{"start":{"line":807,"column":8},"end":{"line":807,"column":null}},"323":{"start":{"line":809,"column":8},"end":{"line":816,"column":null}},"324":{"start":{"line":810,"column":10},"end":{"line":810,"column":null}},"325":{"start":{"line":811,"column":10},"end":{"line":811,"column":null}},"326":{"start":{"line":812,"column":10},"end":{"line":812,"column":null}},"327":{"start":{"line":813,"column":10},"end":{"line":813,"column":19}},"328":{"start":{"line":815,"column":10},"end":{"line":815,"column":null}},"329":{"start":{"line":820,"column":28},"end":{"line":820,"column":49}},"330":{"start":{"line":821,"column":27},"end":{"line":821,"column":76}},"331":{"start":{"line":821,"column":53},"end":{"line":821,"column":75}},"332":{"start":{"line":822,"column":6},"end":{"line":825,"column":null}},"333":{"start":{"line":823,"column":8},"end":{"line":823,"column":null}},"334":{"start":{"line":824,"column":8},"end":{"line":824,"column":null}},"335":{"start":{"line":828,"column":30},"end":{"line":828,"column":69}},"336":{"start":{"line":829,"column":29},"end":{"line":829,"column":80}},"337":{"start":{"line":829,"column":57},"end":{"line":829,"column":79}},"338":{"start":{"line":830,"column":6},"end":{"line":839,"column":null}},"339":{"start":{"line":831,"column":8},"end":{"line":831,"column":null}},"340":{"start":{"line":834,"column":8},"end":{"line":834,"column":null}},"341":{"start":{"line":835,"column":8},"end":{"line":835,"column":null}},"342":{"start":{"line":838,"column":8},"end":{"line":838,"column":null}},"343":{"start":{"line":842,"column":6},"end":{"line":842,"column":null}},"344":{"start":{"line":845,"column":6},"end":{"line":845,"column":null}},"345":{"start":{"line":847,"column":6},"end":{"line":869,"column":null}},"346":{"start":{"line":848,"column":8},"end":{"line":848,"column":null}},"347":{"start":{"line":849,"column":8},"end":{"line":849,"column":null}},"348":{"start":{"line":851,"column":8},"end":{"line":864,"column":null}},"349":{"start":{"line":853,"column":29},"end":{"line":853,"column":39}},"350":{"start":{"line":854,"column":10},"end":{"line":859,"column":null}},"351":{"start":{"line":855,"column":12},"end":{"line":855,"column":null}},"352":{"start":{"line":858,"column":12},"end":{"line":858,"column":null}},"353":{"start":{"line":860,"column":10},"end":{"line":860,"column":null}},"354":{"start":{"line":862,"column":10},"end":{"line":862,"column":null}},"355":{"start":{"line":863,"column":10},"end":{"line":863,"column":22}},"356":{"start":{"line":867,"column":8},"end":{"line":867,"column":null}},"357":{"start":{"line":868,"column":8},"end":{"line":868,"column":null}},"358":{"start":{"line":874,"column":2},"end":{"line":876,"column":null}},"359":{"start":{"line":875,"column":4},"end":{"line":875,"column":null}},"360":{"start":{"line":884,"column":2},"end":{"line":884,"column":null}},"361":{"start":{"line":886,"column":2},"end":{"line":888,"column":null}},"362":{"start":{"line":887,"column":4},"end":{"line":887,"column":null}},"363":{"start":{"line":890,"column":16},"end":{"line":890,"column":20}},"364":{"start":{"line":892,"column":2},"end":{"line":1110,"column":null}},"365":{"start":{"line":894,"column":4},"end":{"line":894,"column":null}},"366":{"start":{"line":897,"column":23},"end":{"line":909,"column":5}},"367":{"start":{"line":914,"column":21},"end":{"line":914,"column":61}},"368":{"start":{"line":915,"column":25},"end":{"line":915,"column":63}},"369":{"start":{"line":916,"column":4},"end":{"line":922,"column":null}},"370":{"start":{"line":917,"column":6},"end":{"line":917,"column":null}},"371":{"start":{"line":918,"column":6},"end":{"line":918,"column":null}},"372":{"start":{"line":919,"column":6},"end":{"line":919,"column":null}},"373":{"start":{"line":921,"column":6},"end":{"line":921,"column":null}},"374":{"start":{"line":926,"column":4},"end":{"line":932,"column":null}},"375":{"start":{"line":927,"column":26},"end":{"line":928,"column":58}},"376":{"start":{"line":929,"column":6},"end":{"line":929,"column":null}},"377":{"start":{"line":930,"column":25},"end":{"line":930,"column":72}},"378":{"start":{"line":931,"column":6},"end":{"line":931,"column":null}},"379":{"start":{"line":935,"column":4},"end":{"line":935,"column":null}},"380":{"start":{"line":936,"column":4},"end":{"line":942,"column":null}},"381":{"start":{"line":943,"column":4},"end":{"line":943,"column":null}},"382":{"start":{"line":945,"column":17},"end":{"line":945,"column":40}},"383":{"start":{"line":948,"column":4},"end":{"line":948,"column":null}},"384":{"start":{"line":949,"column":4},"end":{"line":949,"column":null}},"385":{"start":{"line":950,"column":4},"end":{"line":950,"column":null}},"386":{"start":{"line":953,"column":4},"end":{"line":959,"column":null}},"387":{"start":{"line":954,"column":6},"end":{"line":957,"column":null}},"388":{"start":{"line":958,"column":6},"end":{"line":958,"column":null}},"389":{"start":{"line":962,"column":4},"end":{"line":962,"column":null}},"390":{"start":{"line":963,"column":4},"end":{"line":963,"column":null}},"391":{"start":{"line":964,"column":4},"end":{"line":964,"column":null}},"392":{"start":{"line":969,"column":4},"end":{"line":969,"column":null}},"393":{"start":{"line":972,"column":4},"end":{"line":972,"column":null}},"394":{"start":{"line":975,"column":24},"end":{"line":983,"column":6}},"395":{"start":{"line":976,"column":6},"end":{"line":982,"column":null}},"396":{"start":{"line":984,"column":4},"end":{"line":984,"column":null}},"397":{"start":{"line":987,"column":24},"end":{"line":987,"column":54}},"398":{"start":{"line":988,"column":4},"end":{"line":992,"column":null}},"399":{"start":{"line":989,"column":6},"end":{"line":989,"column":null}},"400":{"start":{"line":990,"column":6},"end":{"line":990,"column":null}},"401":{"start":{"line":991,"column":6},"end":{"line":991,"column":null}},"402":{"start":{"line":994,"column":4},"end":{"line":994,"column":null}},"403":{"start":{"line":997,"column":4},"end":{"line":997,"column":null}},"404":{"start":{"line":1000,"column":4},"end":{"line":1000,"column":null}},"405":{"start":{"line":1003,"column":4},"end":{"line":1003,"column":null}},"406":{"start":{"line":1004,"column":4},"end":{"line":1004,"column":null}},"407":{"start":{"line":1006,"column":26},"end":{"line":1033,"column":6}},"408":{"start":{"line":1008,"column":21},"end":{"line":1008,"column":64}},"409":{"start":{"line":1009,"column":23},"end":{"line":1009,"column":116}},"410":{"start":{"line":1009,"column":41},"end":{"line":1009,"column":115}},"411":{"start":{"line":1011,"column":6},"end":{"line":1014,"column":null}},"412":{"start":{"line":1012,"column":25},"end":{"line":1012,"column":71}},"413":{"start":{"line":1013,"column":8},"end":{"line":1013,"column":null}},"414":{"start":{"line":1017,"column":22},"end":{"line":1017,"column":47}},"415":{"start":{"line":1018,"column":26},"end":{"line":1018,"column":61}},"416":{"start":{"line":1019,"column":6},"end":{"line":1022,"column":null}},"417":{"start":{"line":1021,"column":8},"end":{"line":1021,"column":null}},"418":{"start":{"line":1025,"column":26},"end":{"line":1025,"column":71}},"419":{"start":{"line":1026,"column":6},"end":{"line":1030,"column":null}},"420":{"start":{"line":1027,"column":37},"end":{"line":1027,"column":48}},"421":{"start":{"line":1028,"column":30},"end":{"line":1028,"column":89}},"422":{"start":{"line":1029,"column":8},"end":{"line":1029,"column":null}},"423":{"start":{"line":1032,"column":6},"end":{"line":1032,"column":null}},"424":{"start":{"line":1035,"column":4},"end":{"line":1039,"column":null}},"425":{"start":{"line":1036,"column":6},"end":{"line":1036,"column":null}},"426":{"start":{"line":1038,"column":6},"end":{"line":1038,"column":null}},"427":{"start":{"line":1041,"column":4},"end":{"line":1041,"column":null}},"428":{"start":{"line":1044,"column":20},"end":{"line":1044,"column":51}},"429":{"start":{"line":1045,"column":23},"end":{"line":1045,"column":82}},"430":{"start":{"line":1048,"column":25},"end":{"line":1054,"column":6}},"431":{"start":{"line":1055,"column":3},"end":{"line":1055,"column":null}},"432":{"start":{"line":1056,"column":4},"end":{"line":1056,"column":null}},"433":{"start":{"line":1058,"column":4},"end":{"line":1066,"column":null}},"434":{"start":{"line":1067,"column":4},"end":{"line":1067,"column":null}},"435":{"start":{"line":1069,"column":4},"end":{"line":1069,"column":null}},"436":{"start":{"line":1072,"column":22},"end":{"line":1075,"column":6}},"437":{"start":{"line":1076,"column":3},"end":{"line":1076,"column":null}},"438":{"start":{"line":1077,"column":4},"end":{"line":1077,"column":null}},"439":{"start":{"line":1080,"column":35},"end":{"line":1080,"column":54}},"440":{"start":{"line":1081,"column":25},"end":{"line":1081,"column":80}},"441":{"start":{"line":1084,"column":22},"end":{"line":1086,"column":87}},"442":{"start":{"line":1088,"column":4},"end":{"line":1101,"column":null}},"443":{"start":{"line":1102,"column":4},"end":{"line":1102,"column":null}},"444":{"start":{"line":1104,"column":4},"end":{"line":1108,"column":null}},"445":{"start":{"line":1105,"column":6},"end":{"line":1107,"column":null}},"446":{"start":{"line":1106,"column":8},"end":{"line":1106,"column":null}},"447":{"start":{"line":1109,"column":4},"end":{"line":1109,"column":null}},"448":{"start":{"line":1119,"column":28},"end":{"line":1119,"column":82}},"449":{"start":{"line":1121,"column":41},"end":{"line":1121,"column":127}},"450":{"start":{"line":1124,"column":0},"end":{"line":1126,"column":null}},"451":{"start":{"line":1125,"column":2},"end":{"line":1125,"column":null}}},"fnMap":{"0":{"name":"recognizeCaptcha","decl":{"start":{"line":57,"column":15},"end":{"line":57,"column":31}},"loc":{"start":{"line":57,"column":40},"end":{"line":59,"column":null}},"line":57},"1":{"name":"getTurnstileProvider","decl":{"start":{"line":62,"column":9},"end":{"line":62,"column":29}},"loc":{"start":{"line":62,"column":32},"end":{"line":64,"column":null}},"line":62},"2":{"name":"extractTurnstileParams","decl":{"start":{"line":67,"column":15},"end":{"line":67,"column":37}},"loc":{"start":{"line":67,"column":44},"end":{"line":69,"column":null}},"line":67},"3":{"name":"solveTurnstileViaAPI","decl":{"start":{"line":72,"column":15},"end":{"line":72,"column":35}},"loc":{"start":{"line":72,"column":56},"end":{"line":74,"column":null}},"line":72},"4":{"name":"injectTurnstileToken","decl":{"start":{"line":77,"column":15},"end":{"line":77,"column":35}},"loc":{"start":{"line":77,"column":49},"end":{"line":79,"column":null}},"line":77},"5":{"name":"findChromePath","decl":{"start":{"line":147,"column":9},"end":{"line":147,"column":23}},"loc":{"start":{"line":147,"column":26},"end":{"line":156,"column":null}},"line":147},"6":{"name":"(anonymous_6)","decl":{"start":{"line":155,"column":25},"end":{"line":155,"column":26}},"loc":{"start":{"line":155,"column":31},"end":{"line":155,"column":45}},"line":155},"7":{"name":"(anonymous_7)","decl":{"start":{"line":169,"column":11},"end":{"line":169,"column":12}},"loc":{"start":{"line":169,"column":17},"end":{"line":181,"column":1}},"line":169},"8":{"name":"(anonymous_8)","decl":{"start":{"line":183,"column":12},"end":{"line":183,"column":13}},"loc":{"start":{"line":183,"column":21},"end":{"line":183,"column":50}},"line":183},"9":{"name":"(anonymous_9)","decl":{"start":{"line":184,"column":12},"end":{"line":184,"column":13}},"loc":{"start":{"line":184,"column":21},"end":{"line":184,"column":54}},"line":184},"10":{"name":"escapeHtml","decl":{"start":{"line":187,"column":9},"end":{"line":187,"column":19}},"loc":{"start":{"line":187,"column":25},"end":{"line":189,"column":null}},"line":187},"11":{"name":"notify","decl":{"start":{"line":195,"column":15},"end":{"line":195,"column":21}},"loc":{"start":{"line":195,"column":31},"end":{"line":229,"column":null}},"line":195},"12":{"name":"(anonymous_12)","decl":{"start":{"line":201,"column":33},"end":{"line":201,"column":34}},"loc":{"start":{"line":201,"column":39},"end":{"line":201,"column":57}},"line":201},"13":{"name":"waitForNav","decl":{"start":{"line":236,"column":15},"end":{"line":236,"column":25}},"loc":{"start":{"line":236,"column":69},"end":{"line":240,"column":null}},"line":236},"14":{"name":"(anonymous_14)","decl":{"start":{"line":237,"column":82},"end":{"line":237,"column":83}},"loc":{"start":{"line":237,"column":89},"end":{"line":239,"column":3}},"line":237},"15":{"name":"getText","decl":{"start":{"line":243,"column":15},"end":{"line":243,"column":22}},"loc":{"start":{"line":243,"column":39},"end":{"line":247,"column":null}},"line":243},"16":{"name":"(anonymous_16)","decl":{"start":{"line":246,"column":23},"end":{"line":246,"column":24}},"loc":{"start":{"line":246,"column":30},"end":{"line":246,"column":50}},"line":246},"17":{"name":"cleanChromeLocks","decl":{"start":{"line":250,"column":9},"end":{"line":250,"column":25}},"loc":{"start":{"line":250,"column":39},"end":{"line":255,"column":null}},"line":250},"18":{"name":"handleLogin","decl":{"start":{"line":261,"column":15},"end":{"line":261,"column":26}},"loc":{"start":{"line":261,"column":33},"end":{"line":302,"column":null}},"line":261},"19":{"name":"(anonymous_19)","decl":{"start":{"line":293,"column":32},"end":{"line":293,"column":33}},"loc":{"start":{"line":293,"column":42},"end":{"line":293,"column":55}},"line":293},"20":{"name":"checkRenewalNeeded","decl":{"start":{"line":308,"column":15},"end":{"line":308,"column":33}},"loc":{"start":{"line":308,"column":40},"end":{"line":405,"column":null}},"line":308},"21":{"name":"(anonymous_21)","decl":{"start":{"line":326,"column":37},"end":{"line":326,"column":38}},"loc":{"start":{"line":326,"column":43},"end":{"line":363,"column":3}},"line":326},"22":{"name":"(anonymous_22)","decl":{"start":{"line":342,"column":18},"end":{"line":342,"column":19}},"loc":{"start":{"line":342,"column":33},"end":{"line":355,"column":5}},"line":342},"23":{"name":"handleRenewalConfirm","decl":{"start":{"line":411,"column":15},"end":{"line":411,"column":35}},"loc":{"start":{"line":411,"column":52},"end":{"line":425,"column":null}},"line":411},"24":{"name":"humanMouseMove","decl":{"start":{"line":436,"column":15},"end":{"line":436,"column":29}},"loc":{"start":{"line":436,"column":60},"end":{"line":448,"column":null}},"line":436},"25":{"name":"clickTurnstileFallback","decl":{"start":{"line":456,"column":15},"end":{"line":456,"column":37}},"loc":{"start":{"line":456,"column":44},"end":{"line":505,"column":null}},"line":456},"26":{"name":"(anonymous_26)","decl":{"start":{"line":460,"column":39},"end":{"line":460,"column":40}},"loc":{"start":{"line":461,"column":6},"end":{"line":461,"column":51}},"line":461},"27":{"name":"getTurnstileToken","decl":{"start":{"line":512,"column":15},"end":{"line":512,"column":32}},"loc":{"start":{"line":512,"column":39},"end":{"line":525,"column":null}},"line":512},"28":{"name":"(anonymous_28)","decl":{"start":{"line":514,"column":31},"end":{"line":514,"column":32}},"loc":{"start":{"line":514,"column":37},"end":{"line":520,"column":5}},"line":514},"29":{"name":"waitForTurnstile","decl":{"start":{"line":527,"column":15},"end":{"line":527,"column":31}},"loc":{"start":{"line":527,"column":38},"end":{"line":669,"column":null}},"line":527},"30":{"name":"(anonymous_30)","decl":{"start":{"line":537,"column":46},"end":{"line":537,"column":47}},"loc":{"start":{"line":537,"column":52},"end":{"line":546,"column":3}},"line":537},"31":{"name":"(anonymous_31)","decl":{"start":{"line":546,"column":11},"end":{"line":546,"column":12}},"loc":{"start":{"line":546,"column":17},"end":{"line":546,"column":21}},"line":546},"32":{"name":"(anonymous_32)","decl":{"start":{"line":561,"column":41},"end":{"line":561,"column":42}},"loc":{"start":{"line":561,"column":47},"end":{"line":563,"column":3}},"line":561},"33":{"name":"(anonymous_33)","decl":{"start":{"line":563,"column":11},"end":{"line":563,"column":12}},"loc":{"start":{"line":563,"column":17},"end":{"line":563,"column":18}},"line":563},"34":{"name":"(anonymous_34)","decl":{"start":{"line":604,"column":46},"end":{"line":604,"column":47}},"loc":{"start":{"line":604,"column":52},"end":{"line":604,"column":71}},"line":604},"35":{"name":"(anonymous_35)","decl":{"start":{"line":615,"column":49},"end":{"line":615,"column":50}},"loc":{"start":{"line":615,"column":58},"end":{"line":628,"column":7}},"line":615},"36":{"name":"waitForTurnstileToken","decl":{"start":{"line":675,"column":15},"end":{"line":675,"column":36}},"loc":{"start":{"line":675,"column":43},"end":{"line":700,"column":null}},"line":675},"37":{"name":"handleCaptchaPage","decl":{"start":{"line":706,"column":15},"end":{"line":706,"column":32}},"loc":{"start":{"line":706,"column":39},"end":{"line":877,"column":null}},"line":706},"38":{"name":"(anonymous_38)","decl":{"start":{"line":721,"column":87},"end":{"line":721,"column":88}},"loc":{"start":{"line":721,"column":95},"end":{"line":721,"column":101}},"line":721},"39":{"name":"(anonymous_39)","decl":{"start":{"line":729,"column":44},"end":{"line":729,"column":45}},"loc":{"start":{"line":729,"column":50},"end":{"line":735,"column":7}},"line":729},"40":{"name":"(anonymous_40)","decl":{"start":{"line":735,"column":15},"end":{"line":735,"column":16}},"loc":{"start":{"line":735,"column":21},"end":{"line":735,"column":26}},"line":735},"41":{"name":"(anonymous_41)","decl":{"start":{"line":759,"column":28},"end":{"line":759,"column":29}},"loc":{"start":{"line":759,"column":34},"end":{"line":765,"column":9}},"line":759},"42":{"name":"(anonymous_42)","decl":{"start":{"line":777,"column":43},"end":{"line":777,"column":44}},"loc":{"start":{"line":777,"column":49},"end":{"line":777,"column":72}},"line":777},"43":{"name":"(anonymous_43)","decl":{"start":{"line":805,"column":50},"end":{"line":805,"column":53}},"loc":{"start":{"line":805,"column":57},"end":{"line":805,"column":79}},"line":805},"44":{"name":"(anonymous_44)","decl":{"start":{"line":821,"column":46},"end":{"line":821,"column":49}},"loc":{"start":{"line":821,"column":53},"end":{"line":821,"column":75}},"line":821},"45":{"name":"(anonymous_45)","decl":{"start":{"line":829,"column":50},"end":{"line":829,"column":53}},"loc":{"start":{"line":829,"column":57},"end":{"line":829,"column":79}},"line":829},"46":{"name":"main","decl":{"start":{"line":883,"column":15},"end":{"line":883,"column":19}},"loc":{"start":{"line":883,"column":22},"end":{"line":1111,"column":null}},"line":883},"47":{"name":"(anonymous_47)","decl":{"start":{"line":975,"column":44},"end":{"line":975,"column":45}},"loc":{"start":{"line":975,"column":50},"end":{"line":983,"column":5}},"line":975},"48":{"name":"(anonymous_48)","decl":{"start":{"line":1006,"column":46},"end":{"line":1006,"column":47}},"loc":{"start":{"line":1006,"column":52},"end":{"line":1033,"column":5}},"line":1006},"49":{"name":"(anonymous_49)","decl":{"start":{"line":1009,"column":35},"end":{"line":1009,"column":37}},"loc":{"start":{"line":1009,"column":41},"end":{"line":1009,"column":115}},"line":1009}},"branchMap":{"0":{"loc":{"start":{"line":91,"column":13},"end":{"line":91,"column":48}},"type":"binary-expr","locations":[{"start":{"line":91,"column":13},"end":{"line":91,"column":42}},{"start":{"line":91,"column":46},"end":{"line":91,"column":48}}],"line":91},"1":{"loc":{"start":{"line":92,"column":12},"end":{"line":92,"column":46}},"type":"binary-expr","locations":[{"start":{"line":92,"column":12},"end":{"line":92,"column":40}},{"start":{"line":92,"column":44},"end":{"line":92,"column":46}}],"line":92},"2":{"loc":{"start":{"line":95,"column":15},"end":{"line":95,"column":44}},"type":"binary-expr","locations":[{"start":{"line":95,"column":15},"end":{"line":95,"column":38}},{"start":{"line":95,"column":42},"end":{"line":95,"column":44}}],"line":95},"3":{"loc":{"start":{"line":105,"column":15},"end":{"line":105,"column":58}},"type":"binary-expr","locations":[{"start":{"line":105,"column":15},"end":{"line":105,"column":38}},{"start":{"line":105,"column":42},"end":{"line":105,"column":58}}],"line":105},"4":{"loc":{"start":{"line":106,"column":20},"end":{"line":106,"column":74}},"type":"binary-expr","locations":[{"start":{"line":106,"column":20},"end":{"line":106,"column":48}},{"start":{"line":106,"column":52},"end":{"line":106,"column":74}}],"line":106},"5":{"loc":{"start":{"line":109,"column":21},"end":{"line":109,"column":56}},"type":"binary-expr","locations":[{"start":{"line":109,"column":21},"end":{"line":109,"column":50}},{"start":{"line":109,"column":54},"end":{"line":109,"column":56}}],"line":109},"6":{"loc":{"start":{"line":110,"column":22},"end":{"line":110,"column":58}},"type":"binary-expr","locations":[{"start":{"line":110,"column":22},"end":{"line":110,"column":52}},{"start":{"line":110,"column":56},"end":{"line":110,"column":58}}],"line":110},"7":{"loc":{"start":{"line":113,"column":14},"end":{"line":113,"column":42}},"type":"binary-expr","locations":[{"start":{"line":113,"column":14},"end":{"line":113,"column":36}},{"start":{"line":113,"column":40},"end":{"line":113,"column":42}}],"line":113},"8":{"loc":{"start":{"line":114,"column":17},"end":{"line":114,"column":48}},"type":"binary-expr","locations":[{"start":{"line":114,"column":17},"end":{"line":114,"column":42}},{"start":{"line":114,"column":46},"end":{"line":114,"column":48}}],"line":114},"9":{"loc":{"start":{"line":115,"column":14},"end":{"line":115,"column":42}},"type":"binary-expr","locations":[{"start":{"line":115,"column":14},"end":{"line":115,"column":36}},{"start":{"line":115,"column":40},"end":{"line":115,"column":42}}],"line":115},"10":{"loc":{"start":{"line":116,"column":15},"end":{"line":116,"column":44}},"type":"binary-expr","locations":[{"start":{"line":116,"column":15},"end":{"line":116,"column":38}},{"start":{"line":116,"column":42},"end":{"line":116,"column":44}}],"line":116},"11":{"loc":{"start":{"line":117,"column":18},"end":{"line":117,"column":50}},"type":"binary-expr","locations":[{"start":{"line":117,"column":18},"end":{"line":117,"column":44}},{"start":{"line":117,"column":48},"end":{"line":117,"column":50}}],"line":117},"12":{"loc":{"start":{"line":120,"column":16},"end":{"line":120,"column":46}},"type":"binary-expr","locations":[{"start":{"line":120,"column":16},"end":{"line":120,"column":40}},{"start":{"line":120,"column":44},"end":{"line":120,"column":46}}],"line":120},"13":{"loc":{"start":{"line":121,"column":14},"end":{"line":121,"column":42}},"type":"binary-expr","locations":[{"start":{"line":121,"column":14},"end":{"line":121,"column":36}},{"start":{"line":121,"column":40},"end":{"line":121,"column":42}}],"line":121},"14":{"loc":{"start":{"line":125,"column":0},"end":{"line":127,"column":null}},"type":"if","locations":[{"start":{"line":125,"column":0},"end":{"line":127,"column":null}},{"start":{},"end":{}}],"line":125},"15":{"loc":{"start":{"line":125,"column":4},"end":{"line":125,"column":57}},"type":"binary-expr","locations":[{"start":{"line":125,"column":4},"end":{"line":125,"column":21}},{"start":{"line":125,"column":25},"end":{"line":125,"column":57}}],"line":125},"16":{"loc":{"start":{"line":130,"column":21},"end":{"line":130,"column":83}},"type":"binary-expr","locations":[{"start":{"line":130,"column":21},"end":{"line":130,"column":38}},{"start":{"line":130,"column":42},"end":{"line":130,"column":62}},{"start":{"line":130,"column":66},"end":{"line":130,"column":83}}],"line":130},"17":{"loc":{"start":{"line":155,"column":9},"end":{"line":155,"column":72}},"type":"binary-expr","locations":[{"start":{"line":155,"column":9},"end":{"line":155,"column":46}},{"start":{"line":155,"column":50},"end":{"line":155,"column":72}}],"line":155},"18":{"loc":{"start":{"line":163,"column":21},"end":{"line":163,"column":51}},"type":"binary-expr","locations":[{"start":{"line":163,"column":21},"end":{"line":163,"column":35}},{"start":{"line":163,"column":39},"end":{"line":163,"column":51}}],"line":163},"19":{"loc":{"start":{"line":196,"column":2},"end":{"line":196,"column":null}},"type":"if","locations":[{"start":{"line":196,"column":2},"end":{"line":196,"column":null}},{"start":{},"end":{}}],"line":196},"20":{"loc":{"start":{"line":196,"column":6},"end":{"line":196,"column":48}},"type":"binary-expr","locations":[{"start":{"line":196,"column":6},"end":{"line":196,"column":26}},{"start":{"line":196,"column":30},"end":{"line":196,"column":48}}],"line":196},"21":{"loc":{"start":{"line":219,"column":4},"end":{"line":223,"column":null}},"type":"if","locations":[{"start":{"line":219,"column":4},"end":{"line":223,"column":null}},{"start":{},"end":{}}],"line":219},"22":{"loc":{"start":{"line":236,"column":32},"end":{"line":236,"column":67}},"type":"default-arg","locations":[{"start":{"line":236,"column":42},"end":{"line":236,"column":67}}],"line":236},"23":{"loc":{"start":{"line":245,"column":2},"end":{"line":245,"column":null}},"type":"if","locations":[{"start":{"line":245,"column":2},"end":{"line":245,"column":null}},{"start":{},"end":{}}],"line":245},"24":{"loc":{"start":{"line":269,"column":2},"end":{"line":272,"column":null}},"type":"if","locations":[{"start":{"line":269,"column":2},"end":{"line":272,"column":null}},{"start":{},"end":{}}],"line":269},"25":{"loc":{"start":{"line":276,"column":2},"end":{"line":278,"column":null}},"type":"if","locations":[{"start":{"line":276,"column":2},"end":{"line":278,"column":null}},{"start":{},"end":{}}],"line":276},"26":{"loc":{"start":{"line":285,"column":20},"end":{"line":286,"column":55}},"type":"binary-expr","locations":[{"start":{"line":285,"column":20},"end":{"line":285,"column":null}},{"start":{"line":286,"column":7},"end":{"line":286,"column":55}}],"line":285},"27":{"loc":{"start":{"line":288,"column":2},"end":{"line":295,"column":null}},"type":"if","locations":[{"start":{"line":288,"column":2},"end":{"line":295,"column":null}},{"start":{"line":290,"column":9},"end":{"line":295,"column":null}}],"line":288},"28":{"loc":{"start":{"line":297,"column":2},"end":{"line":299,"column":null}},"type":"if","locations":[{"start":{"line":297,"column":2},"end":{"line":299,"column":null}},{"start":{},"end":{}}],"line":297},"29":{"loc":{"start":{"line":311,"column":2},"end":{"line":316,"column":null}},"type":"if","locations":[{"start":{"line":311,"column":2},"end":{"line":316,"column":null}},{"start":{},"end":{}}],"line":311},"30":{"loc":{"start":{"line":328,"column":4},"end":{"line":330,"column":null}},"type":"if","locations":[{"start":{"line":328,"column":4},"end":{"line":330,"column":null}},{"start":{},"end":{}}],"line":328},"31":{"loc":{"start":{"line":346,"column":6},"end":{"line":349,"column":null}},"type":"if","locations":[{"start":{"line":346,"column":6},"end":{"line":349,"column":null}},{"start":{},"end":{}}],"line":346},"32":{"loc":{"start":{"line":346,"column":10},"end":{"line":347,"column":29}},"type":"binary-expr","locations":[{"start":{"line":346,"column":11},"end":{"line":346,"column":31}},{"start":{"line":346,"column":35},"end":{"line":346,"column":54}},{"start":{"line":346,"column":58},"end":{"line":346,"column":77}},{"start":{"line":346,"column":81},"end":{"line":346,"column":102}},{"start":{"line":347,"column":13},"end":{"line":347,"column":29}}],"line":346},"33":{"loc":{"start":{"line":352,"column":6},"end":{"line":354,"column":null}},"type":"if","locations":[{"start":{"line":352,"column":6},"end":{"line":354,"column":null}},{"start":{},"end":{}}],"line":352},"34":{"loc":{"start":{"line":352,"column":10},"end":{"line":352,"column":78}},"type":"binary-expr","locations":[{"start":{"line":352,"column":11},"end":{"line":352,"column":32}},{"start":{"line":352,"column":36},"end":{"line":352,"column":57}},{"start":{"line":352,"column":62},"end":{"line":352,"column":78}}],"line":352},"35":{"loc":{"start":{"line":358,"column":18},"end":{"line":358,"column":59}},"type":"cond-expr","locations":[{"start":{"line":358,"column":27},"end":{"line":358,"column":52}},{"start":{"line":358,"column":55},"end":{"line":358,"column":59}}],"line":358},"36":{"loc":{"start":{"line":359,"column":18},"end":{"line":359,"column":53}},"type":"cond-expr","locations":[{"start":{"line":359,"column":31},"end":{"line":359,"column":46}},{"start":{"line":359,"column":49},"end":{"line":359,"column":53}}],"line":359},"37":{"loc":{"start":{"line":365,"column":2},"end":{"line":368,"column":null}},"type":"if","locations":[{"start":{"line":365,"column":2},"end":{"line":368,"column":null}},{"start":{},"end":{}}],"line":365},"38":{"loc":{"start":{"line":371,"column":26},"end":{"line":371,"column":98}},"type":"cond-expr","locations":[{"start":{"line":371,"column":46},"end":{"line":371,"column":91}},{"start":{"line":371,"column":94},"end":{"line":371,"column":98}}],"line":371},"39":{"loc":{"start":{"line":372,"column":20},"end":{"line":372,"column":80}},"type":"cond-expr","locations":[{"start":{"line":372,"column":34},"end":{"line":372,"column":73}},{"start":{"line":372,"column":76},"end":{"line":372,"column":80}}],"line":372},"40":{"loc":{"start":{"line":374,"column":19},"end":{"line":374,"column":45}},"type":"binary-expr","locations":[{"start":{"line":374,"column":19},"end":{"line":374,"column":36}},{"start":{"line":374,"column":40},"end":{"line":374,"column":45}}],"line":374},"41":{"loc":{"start":{"line":375,"column":19},"end":{"line":375,"column":43}},"type":"binary-expr","locations":[{"start":{"line":375,"column":19},"end":{"line":375,"column":34}},{"start":{"line":375,"column":38},"end":{"line":375,"column":43}}],"line":375},"42":{"loc":{"start":{"line":376,"column":17},"end":{"line":376,"column":35}},"type":"binary-expr","locations":[{"start":{"line":376,"column":17},"end":{"line":376,"column":26}},{"start":{"line":376,"column":30},"end":{"line":376,"column":35}}],"line":376},"43":{"loc":{"start":{"line":379,"column":23},"end":{"line":379,"column":84}},"type":"binary-expr","locations":[{"start":{"line":379,"column":23},"end":{"line":379,"column":50}},{"start":{"line":379,"column":54},"end":{"line":379,"column":84}}],"line":379},"44":{"loc":{"start":{"line":380,"column":2},"end":{"line":383,"column":null}},"type":"if","locations":[{"start":{"line":380,"column":2},"end":{"line":383,"column":null}},{"start":{},"end":{}}],"line":380},"45":{"loc":{"start":{"line":385,"column":2},"end":{"line":387,"column":null}},"type":"if","locations":[{"start":{"line":385,"column":2},"end":{"line":387,"column":null}},{"start":{},"end":{}}],"line":385},"46":{"loc":{"start":{"line":391,"column":2},"end":{"line":393,"column":null}},"type":"if","locations":[{"start":{"line":391,"column":2},"end":{"line":393,"column":null}},{"start":{},"end":{}}],"line":391},"47":{"loc":{"start":{"line":419,"column":2},"end":{"line":419,"column":null}},"type":"if","locations":[{"start":{"line":419,"column":2},"end":{"line":419,"column":null}},{"start":{},"end":{}}],"line":419},"48":{"loc":{"start":{"line":441,"column":17},"end":{"line":441,"column":59}},"type":"cond-expr","locations":[{"start":{"line":441,"column":27},"end":{"line":441,"column":36}},{"start":{"line":441,"column":39},"end":{"line":441,"column":59}}],"line":441},"49":{"loc":{"start":{"line":464,"column":4},"end":{"line":497,"column":null}},"type":"if","locations":[{"start":{"line":464,"column":4},"end":{"line":497,"column":null}},{"start":{},"end":{}}],"line":464},"50":{"loc":{"start":{"line":466,"column":6},"end":{"line":496,"column":null}},"type":"if","locations":[{"start":{"line":466,"column":6},"end":{"line":496,"column":null}},{"start":{},"end":{}}],"line":466},"51":{"loc":{"start":{"line":468,"column":8},"end":{"line":495,"column":null}},"type":"if","locations":[{"start":{"line":468,"column":8},"end":{"line":495,"column":null}},{"start":{},"end":{}}],"line":468},"52":{"loc":{"start":{"line":468,"column":12},"end":{"line":468,"column":52}},"type":"binary-expr","locations":[{"start":{"line":468,"column":12},"end":{"line":468,"column":15}},{"start":{"line":468,"column":19},"end":{"line":468,"column":33}},{"start":{"line":468,"column":37},"end":{"line":468,"column":52}}],"line":468},"53":{"loc":{"start":{"line":517,"column":8},"end":{"line":517,"column":null}},"type":"if","locations":[{"start":{"line":517,"column":8},"end":{"line":517,"column":null}},{"start":{},"end":{}}],"line":517},"54":{"loc":{"start":{"line":531,"column":2},"end":{"line":534,"column":null}},"type":"if","locations":[{"start":{"line":531,"column":2},"end":{"line":534,"column":null}},{"start":{},"end":{}}],"line":531},"55":{"loc":{"start":{"line":539,"column":4},"end":{"line":539,"column":null}},"type":"if","locations":[{"start":{"line":539,"column":4},"end":{"line":539,"column":null}},{"start":{},"end":{}}],"line":539},"56":{"loc":{"start":{"line":543,"column":13},"end":{"line":543,"column":53}},"type":"binary-expr","locations":[{"start":{"line":543,"column":13},"end":{"line":543,"column":43}},{"start":{"line":543,"column":47},"end":{"line":543,"column":53}}],"line":543},"57":{"loc":{"start":{"line":544,"column":14},"end":{"line":544,"column":54}},"type":"binary-expr","locations":[{"start":{"line":544,"column":14},"end":{"line":544,"column":45}},{"start":{"line":544,"column":49},"end":{"line":544,"column":54}}],"line":544},"58":{"loc":{"start":{"line":548,"column":2},"end":{"line":550,"column":null}},"type":"if","locations":[{"start":{"line":548,"column":2},"end":{"line":550,"column":null}},{"start":{},"end":{}}],"line":548},"59":{"loc":{"start":{"line":555,"column":2},"end":{"line":558,"column":null}},"type":"if","locations":[{"start":{"line":555,"column":2},"end":{"line":558,"column":null}},{"start":{},"end":{}}],"line":555},"60":{"loc":{"start":{"line":588,"column":2},"end":{"line":668,"column":null}},"type":"if","locations":[{"start":{"line":588,"column":2},"end":{"line":668,"column":null}},{"start":{"line":664,"column":9},"end":{"line":668,"column":null}}],"line":588},"61":{"loc":{"start":{"line":593,"column":4},"end":{"line":596,"column":null}},"type":"if","locations":[{"start":{"line":593,"column":4},"end":{"line":596,"column":null}},{"start":{},"end":{}}],"line":593},"62":{"loc":{"start":{"line":603,"column":6},"end":{"line":612,"column":null}},"type":"if","locations":[{"start":{"line":603,"column":6},"end":{"line":612,"column":null}},{"start":{},"end":{}}],"line":603},"63":{"loc":{"start":{"line":605,"column":8},"end":{"line":611,"column":null}},"type":"if","locations":[{"start":{"line":605,"column":8},"end":{"line":611,"column":null}},{"start":{"line":609,"column":15},"end":{"line":611,"column":null}}],"line":605},"64":{"loc":{"start":{"line":617,"column":8},"end":{"line":623,"column":null}},"type":"if","locations":[{"start":{"line":617,"column":8},"end":{"line":623,"column":null}},{"start":{},"end":{}}],"line":617},"65":{"loc":{"start":{"line":619,"column":10},"end":{"line":622,"column":null}},"type":"if","locations":[{"start":{"line":619,"column":10},"end":{"line":622,"column":null}},{"start":{},"end":{}}],"line":619},"66":{"loc":{"start":{"line":619,"column":14},"end":{"line":619,"column":72}},"type":"binary-expr","locations":[{"start":{"line":619,"column":14},"end":{"line":619,"column":26}},{"start":{"line":619,"column":30},"end":{"line":619,"column":72}}],"line":619},"67":{"loc":{"start":{"line":624,"column":8},"end":{"line":626,"column":null}},"type":"if","locations":[{"start":{"line":624,"column":8},"end":{"line":626,"column":null}},{"start":{},"end":{}}],"line":624},"68":{"loc":{"start":{"line":624,"column":12},"end":{"line":624,"column":82}},"type":"binary-expr","locations":[{"start":{"line":624,"column":12},"end":{"line":624,"column":28}},{"start":{"line":624,"column":32},"end":{"line":624,"column":82}}],"line":624},"69":{"loc":{"start":{"line":630,"column":6},"end":{"line":634,"column":null}},"type":"if","locations":[{"start":{"line":630,"column":6},"end":{"line":634,"column":null}},{"start":{"line":632,"column":13},"end":{"line":634,"column":null}}],"line":630},"70":{"loc":{"start":{"line":645,"column":6},"end":{"line":649,"column":null}},"type":"if","locations":[{"start":{"line":645,"column":6},"end":{"line":649,"column":null}},{"start":{"line":647,"column":13},"end":{"line":649,"column":null}}],"line":645},"71":{"loc":{"start":{"line":682,"column":4},"end":{"line":685,"column":null}},"type":"if","locations":[{"start":{"line":682,"column":4},"end":{"line":685,"column":null}},{"start":{},"end":{}}],"line":682},"72":{"loc":{"start":{"line":689,"column":4},"end":{"line":693,"column":null}},"type":"if","locations":[{"start":{"line":689,"column":4},"end":{"line":693,"column":null}},{"start":{},"end":{}}],"line":689},"73":{"loc":{"start":{"line":710,"column":21},"end":{"line":710,"column":50}},"type":"binary-expr","locations":[{"start":{"line":710,"column":21},"end":{"line":710,"column":45}},{"start":{"line":710,"column":49},"end":{"line":710,"column":50}}],"line":710},"74":{"loc":{"start":{"line":722,"column":6},"end":{"line":722,"column":null}},"type":"if","locations":[{"start":{"line":722,"column":6},"end":{"line":722,"column":null}},{"start":{},"end":{}}],"line":722},"75":{"loc":{"start":{"line":732,"column":10},"end":{"line":732,"column":null}},"type":"if","locations":[{"start":{"line":732,"column":10},"end":{"line":732,"column":null}},{"start":{},"end":{}}],"line":732},"76":{"loc":{"start":{"line":742,"column":6},"end":{"line":744,"column":null}},"type":"if","locations":[{"start":{"line":742,"column":6},"end":{"line":744,"column":null}},{"start":{},"end":{}}],"line":742},"77":{"loc":{"start":{"line":748,"column":6},"end":{"line":748,"column":null}},"type":"if","locations":[{"start":{"line":748,"column":6},"end":{"line":748,"column":null}},{"start":{},"end":{}}],"line":748},"78":{"loc":{"start":{"line":758,"column":6},"end":{"line":766,"column":null}},"type":"if","locations":[{"start":{"line":758,"column":6},"end":{"line":766,"column":null}},{"start":{},"end":{}}],"line":758},"79":{"loc":{"start":{"line":761,"column":10},"end":{"line":764,"column":null}},"type":"if","locations":[{"start":{"line":761,"column":10},"end":{"line":764,"column":null}},{"start":{},"end":{}}],"line":761},"80":{"loc":{"start":{"line":769,"column":6},"end":{"line":769,"column":null}},"type":"if","locations":[{"start":{"line":769,"column":6},"end":{"line":769,"column":null}},{"start":{},"end":{}}],"line":769},"81":{"loc":{"start":{"line":787,"column":6},"end":{"line":801,"column":null}},"type":"if","locations":[{"start":{"line":787,"column":6},"end":{"line":801,"column":null}},{"start":{},"end":{}}],"line":787},"82":{"loc":{"start":{"line":789,"column":23},"end":{"line":789,"column":88}},"type":"cond-expr","locations":[{"start":{"line":789,"column":37},"end":{"line":789,"column":62}},{"start":{"line":789,"column":65},"end":{"line":789,"column":88}}],"line":789},"83":{"loc":{"start":{"line":791,"column":8},"end":{"line":800,"column":null}},"type":"if","locations":[{"start":{"line":791,"column":8},"end":{"line":800,"column":null}},{"start":{"line":798,"column":15},"end":{"line":800,"column":null}}],"line":791},"84":{"loc":{"start":{"line":806,"column":6},"end":{"line":817,"column":null}},"type":"if","locations":[{"start":{"line":806,"column":6},"end":{"line":817,"column":null}},{"start":{},"end":{}}],"line":806},"85":{"loc":{"start":{"line":809,"column":8},"end":{"line":816,"column":null}},"type":"if","locations":[{"start":{"line":809,"column":8},"end":{"line":816,"column":null}},{"start":{"line":814,"column":15},"end":{"line":816,"column":null}}],"line":809},"86":{"loc":{"start":{"line":822,"column":6},"end":{"line":825,"column":null}},"type":"if","locations":[{"start":{"line":822,"column":6},"end":{"line":825,"column":null}},{"start":{},"end":{}}],"line":822},"87":{"loc":{"start":{"line":830,"column":6},"end":{"line":839,"column":null}},"type":"if","locations":[{"start":{"line":830,"column":6},"end":{"line":839,"column":null}},{"start":{"line":832,"column":13},"end":{"line":839,"column":null}}],"line":830},"88":{"loc":{"start":{"line":847,"column":6},"end":{"line":869,"column":null}},"type":"if","locations":[{"start":{"line":847,"column":6},"end":{"line":869,"column":null}},{"start":{"line":865,"column":13},"end":{"line":869,"column":null}}],"line":847},"89":{"loc":{"start":{"line":854,"column":10},"end":{"line":859,"column":null}},"type":"if","locations":[{"start":{"line":854,"column":10},"end":{"line":859,"column":null}},{"start":{"line":856,"column":17},"end":{"line":859,"column":null}}],"line":854},"90":{"loc":{"start":{"line":874,"column":2},"end":{"line":876,"column":null}},"type":"if","locations":[{"start":{"line":874,"column":2},"end":{"line":876,"column":null}},{"start":{},"end":{}}],"line":874},"91":{"loc":{"start":{"line":886,"column":2},"end":{"line":888,"column":null}},"type":"if","locations":[{"start":{"line":886,"column":2},"end":{"line":888,"column":null}},{"start":{},"end":{}}],"line":886},"92":{"loc":{"start":{"line":886,"column":6},"end":{"line":886,"column":43}},"type":"binary-expr","locations":[{"start":{"line":886,"column":6},"end":{"line":886,"column":23}},{"start":{"line":886,"column":27},"end":{"line":886,"column":43}}],"line":886},"93":{"loc":{"start":{"line":916,"column":4},"end":{"line":922,"column":null}},"type":"if","locations":[{"start":{"line":916,"column":4},"end":{"line":922,"column":null}},{"start":{"line":920,"column":11},"end":{"line":922,"column":null}}],"line":916},"94":{"loc":{"start":{"line":926,"column":4},"end":{"line":932,"column":null}},"type":"if","locations":[{"start":{"line":926,"column":4},"end":{"line":932,"column":null}},{"start":{},"end":{}}],"line":926},"95":{"loc":{"start":{"line":927,"column":26},"end":{"line":928,"column":58}},"type":"cond-expr","locations":[{"start":{"line":927,"column":59},"end":{"line":927,"column":67}},{"start":{"line":928,"column":8},"end":{"line":928,"column":58}}],"line":927},"96":{"loc":{"start":{"line":928,"column":8},"end":{"line":928,"column":58}},"type":"cond-expr","locations":[{"start":{"line":928,"column":41},"end":{"line":928,"column":49}},{"start":{"line":928,"column":52},"end":{"line":928,"column":58}}],"line":928},"97":{"loc":{"start":{"line":953,"column":4},"end":{"line":959,"column":null}},"type":"if","locations":[{"start":{"line":953,"column":4},"end":{"line":959,"column":null}},{"start":{},"end":{}}],"line":953},"98":{"loc":{"start":{"line":953,"column":8},"end":{"line":953,"column":39}},"type":"binary-expr","locations":[{"start":{"line":953,"column":8},"end":{"line":953,"column":17}},{"start":{"line":953,"column":21},"end":{"line":953,"column":39}}],"line":953},"99":{"loc":{"start":{"line":977,"column":22},"end":{"line":977,"column":53}},"type":"binary-expr","locations":[{"start":{"line":977,"column":22},"end":{"line":977,"column":44}},{"start":{"line":977,"column":48},"end":{"line":977,"column":53}}],"line":977},"100":{"loc":{"start":{"line":978,"column":29},"end":{"line":978,"column":67}},"type":"binary-expr","locations":[{"start":{"line":978,"column":29},"end":{"line":978,"column":58}},{"start":{"line":978,"column":62},"end":{"line":978,"column":67}}],"line":978},"101":{"loc":{"start":{"line":981,"column":19},"end":{"line":981,"column":47}},"type":"binary-expr","locations":[{"start":{"line":981,"column":19},"end":{"line":981,"column":38}},{"start":{"line":981,"column":42},"end":{"line":981,"column":47}}],"line":981},"102":{"loc":{"start":{"line":988,"column":4},"end":{"line":992,"column":null}},"type":"if","locations":[{"start":{"line":988,"column":4},"end":{"line":992,"column":null}},{"start":{},"end":{}}],"line":988},"103":{"loc":{"start":{"line":1009,"column":41},"end":{"line":1009,"column":115}},"type":"binary-expr","locations":[{"start":{"line":1009,"column":41},"end":{"line":1009,"column":76}},{"start":{"line":1009,"column":80},"end":{"line":1009,"column":115}}],"line":1009},"104":{"loc":{"start":{"line":1011,"column":6},"end":{"line":1014,"column":null}},"type":"if","locations":[{"start":{"line":1011,"column":6},"end":{"line":1014,"column":null}},{"start":{},"end":{}}],"line":1011},"105":{"loc":{"start":{"line":1011,"column":10},"end":{"line":1011,"column":49}},"type":"binary-expr","locations":[{"start":{"line":1011,"column":10},"end":{"line":1011,"column":18}},{"start":{"line":1011,"column":22},"end":{"line":1011,"column":49}}],"line":1011},"106":{"loc":{"start":{"line":1019,"column":6},"end":{"line":1022,"column":null}},"type":"if","locations":[{"start":{"line":1019,"column":6},"end":{"line":1022,"column":null}},{"start":{},"end":{}}],"line":1019},"107":{"loc":{"start":{"line":1019,"column":10},"end":{"line":1019,"column":47}},"type":"binary-expr","locations":[{"start":{"line":1019,"column":10},"end":{"line":1019,"column":21}},{"start":{"line":1019,"column":25},"end":{"line":1019,"column":47}}],"line":1019},"108":{"loc":{"start":{"line":1026,"column":6},"end":{"line":1030,"column":null}},"type":"if","locations":[{"start":{"line":1026,"column":6},"end":{"line":1030,"column":null}},{"start":{},"end":{}}],"line":1026},"109":{"loc":{"start":{"line":1035,"column":4},"end":{"line":1039,"column":null}},"type":"if","locations":[{"start":{"line":1035,"column":4},"end":{"line":1039,"column":null}},{"start":{"line":1037,"column":11},"end":{"line":1039,"column":null}}],"line":1035},"110":{"loc":{"start":{"line":1061,"column":30},"end":{"line":1061,"column":68}},"type":"binary-expr","locations":[{"start":{"line":1061,"column":30},"end":{"line":1061,"column":60}},{"start":{"line":1061,"column":64},"end":{"line":1061,"column":68}}],"line":1061},"111":{"loc":{"start":{"line":1062,"column":31},"end":{"line":1062,"column":63}},"type":"binary-expr","locations":[{"start":{"line":1062,"column":31},"end":{"line":1062,"column":55}},{"start":{"line":1062,"column":59},"end":{"line":1062,"column":63}}],"line":1062},"112":{"loc":{"start":{"line":1063,"column":29},"end":{"line":1063,"column":67}},"type":"binary-expr","locations":[{"start":{"line":1063,"column":29},"end":{"line":1063,"column":59}},{"start":{"line":1063,"column":63},"end":{"line":1063,"column":67}}],"line":1063},"113":{"loc":{"start":{"line":1064,"column":29},"end":{"line":1064,"column":51}},"type":"binary-expr","locations":[{"start":{"line":1064,"column":29},"end":{"line":1064,"column":42}},{"start":{"line":1064,"column":46},"end":{"line":1064,"column":51}}],"line":1064},"114":{"loc":{"start":{"line":1084,"column":22},"end":{"line":1086,"column":87}},"type":"cond-expr","locations":[{"start":{"line":1085,"column":8},"end":{"line":1085,"column":null}},{"start":{"line":1086,"column":8},"end":{"line":1086,"column":87}}],"line":1084},"115":{"loc":{"start":{"line":1089,"column":9},"end":{"line":1089,"column":48}},"type":"cond-expr","locations":[{"start":{"line":1089,"column":24},"end":{"line":1089,"column":42}},{"start":{"line":1089,"column":45},"end":{"line":1089,"column":48}}],"line":1089},"116":{"loc":{"start":{"line":1092,"column":9},"end":{"line":1092,"column":81}},"type":"cond-expr","locations":[{"start":{"line":1092,"column":24},"end":{"line":1092,"column":76}},{"start":{"line":1092,"column":79},"end":{"line":1092,"column":81}}],"line":1092},"117":{"loc":{"start":{"line":1095,"column":22},"end":{"line":1095,"column":51}},"type":"binary-expr","locations":[{"start":{"line":1095,"column":22},"end":{"line":1095,"column":46}},{"start":{"line":1095,"column":50},"end":{"line":1095,"column":51}}],"line":1095},"118":{"loc":{"start":{"line":1104,"column":4},"end":{"line":1108,"column":null}},"type":"if","locations":[{"start":{"line":1104,"column":4},"end":{"line":1108,"column":null}},{"start":{},"end":{}}],"line":1104},"119":{"loc":{"start":{"line":1119,"column":28},"end":{"line":1119,"column":82}},"type":"binary-expr","locations":[{"start":{"line":1119,"column":28},"end":{"line":1119,"column":59}},{"start":{"line":1119,"column":63},"end":{"line":1119,"column":82}}],"line":1119},"120":{"loc":{"start":{"line":1121,"column":50},"end":{"line":1121,"column":122}},"type":"binary-expr","locations":[{"start":{"line":1121,"column":50},"end":{"line":1121,"column":82}},{"start":{"line":1121,"column":86},"end":{"line":1121,"column":122}}],"line":1121},"121":{"loc":{"start":{"line":1124,"column":0},"end":{"line":1126,"column":null}},"type":"if","locations":[{"start":{"line":1124,"column":0},"end":{"line":1126,"column":null}},{"start":{},"end":{}}],"line":1124},"122":{"loc":{"start":{"line":1124,"column":4},"end":{"line":1124,"column":82}},"type":"binary-expr","locations":[{"start":{"line":1124,"column":4},"end":{"line":1124,"column":19}},{"start":{"line":1124,"column":22},"end":{"line":1124,"column":82}}],"line":1124}},"s":{"0":0,"1":0,"2":0,"3":0,"4":0,"5":3,"6":3,"7":3,"8":3,"9":0,"10":3,"11":3,"12":3,"13":8,"14":8,"15":35,"16":3,"17":3,"18":0,"19":0,"20":3,"21":0,"22":3,"23":0,"24":5,"25":0,"26":0,"27":0,"28":0,"29":0,"30":0,"31":0,"32":0,"33":0,"34":0,"35":0,"36":0,"37":0,"38":0,"39":0,"40":0,"41":0,"42":0,"43":0,"44":0,"45":0,"46":0,"47":0,"48":6,"49":18,"50":18,"51":18,"52":0,"53":0,"54":0,"55":0,"56":0,"57":0,"58":0,"59":0,"60":0,"61":0,"62":0,"63":0,"64":0,"65":0,"66":0,"67":0,"68":0,"69":0,"70":0,"71":0,"72":0,"73":0,"74":0,"75":0,"76":0,"77":0,"78":0,"79":0,"80":0,"81":0,"82":0,"83":0,"84":0,"85":0,"86":0,"87":0,"88":0,"89":0,"90":0,"91":0,"92":0,"93":0,"94":0,"95":0,"96":0,"97":0,"98":0,"99":0,"100":0,"101":0,"102":0,"103":0,"104":0,"105":0,"106":0,"107":0,"108":0,"109":0,"110":0,"111":0,"112":0,"113":0,"114":0,"115":0,"116":0,"117":0,"118":0,"119":0,"120":0,"121":0,"122":0,"123":0,"124":0,"125":0,"126":0,"127":0,"128":0,"129":0,"130":0,"131":0,"132":0,"133":0,"134":0,"135":0,"136":0,"137":0,"138":0,"139":0,"140":0,"141":0,"142":0,"143":0,"144":0,"145":0,"146":0,"147":0,"148":0,"149":0,"150":0,"151":0,"152":0,"153":0,"154":0,"155":0,"156":0,"157":0,"158":0,"159":0,"160":0,"161":0,"162":0,"163":0,"164":0,"165":0,"166":0,"167":0,"168":0,"169":0,"170":0,"171":0,"172":0,"173":0,"174":0,"175":0,"176":0,"177":0,"178":0,"179":0,"180":0,"181":0,"182":0,"183":0,"184":0,"185":0,"186":0,"187":0,"188":0,"189":0,"190":0,"191":0,"192":0,"193":0,"194":0,"195":0,"196":0,"197":0,"198":0,"199":0,"200":0,"201":0,"202":0,"203":0,"204":0,"205":0,"206":0,"207":0,"208":0,"209":0,"210":0,"211":0,"212":0,"213":0,"214":0,"215":0,"216":0,"217":0,"218":0,"219":0,"220":0,"221":0,"222":0,"223":0,"224":0,"225":0,"226":0,"227":0,"228":0,"229":0,"230":0,"231":0,"232":0,"233":0,"234":0,"235":0,"236":0,"237":0,"238":0,"239":0,"240":0,"241":0,"242":0,"243":0,"244":0,"245":0,"246":0,"247":0,"248":0,"249":0,"250":0,"251":0,"252":0,"253":0,"254":0,"255":0,"256":0,"257":0,"258":0,"259":0,"260":0,"261":0,"262":0,"263":0,"264":0,"265":0,"266":0,"267":0,"268":0,"269":0,"270":0,"271":0,"272":0,"273":0,"274":0,"275":0,"276":0,"277":0,"278":0,"279":0,"280":0,"281":0,"282":0,"283":0,"284":0,"285":0,"286":0,"287":0,"288":0,"289":0,"290":0,"291":0,"292":0,"293":0,"294":0,"295":0,"296":0,"297":0,"298":0,"299":0,"300":0,"301":0,"302":0,"303":0,"304":0,"305":0,"306":0,"307":0,"308":0,"309":0,"310":0,"311":0,"312":0,"313":0,"314":0,"315":0,"316":0,"317":0,"318":0,"319":0,"320":0,"321":0,"322":0,"323":0,"324":0,"325":0,"326":0,"327":0,"328":0,"329":0,"330":0,"331":0,"332":0,"333":0,"334":0,"335":0,"336":0,"337":0,"338":0,"339":0,"340":0,"341":0,"342":0,"343":0,"344":0,"345":0,"346":0,"347":0,"348":0,"349":0,"350":0,"351":0,"352":0,"353":0,"354":0,"355":0,"356":0,"357":0,"358":0,"359":0,"360":0,"361":0,"362":0,"363":0,"364":0,"365":0,"366":0,"367":0,"368":0,"369":0,"370":0,"371":0,"372":0,"373":0,"374":0,"375":0,"376":0,"377":0,"378":0,"379":0,"380":0,"381":0,"382":0,"383":0,"384":0,"385":0,"386":0,"387":0,"388":0,"389":0,"390":0,"391":0,"392":0,"393":0,"394":0,"395":0,"396":0,"397":0,"398":0,"399":0,"400":0,"401":0,"402":0,"403":0,"404":0,"405":0,"406":0,"407":0,"408":0,"409":0,"410":0,"411":0,"412":0,"413":0,"414":0,"415":0,"416":0,"417":0,"418":0,"419":0,"420":0,"421":0,"422":0,"423":0,"424":0,"425":0,"426":0,"427":0,"428":0,"429":0,"430":0,"431":0,"432":0,"433":0,"434":0,"435":0,"436":0,"437":0,"438":0,"439":0,"440":0,"441":0,"442":0,"443":0,"444":0,"445":0,"446":0,"447":0,"448":3,"449":3,"450":3,"451":0},"f":{"0":0,"1":0,"2":0,"3":0,"4":0,"5":8,"6":35,"7":0,"8":0,"9":0,"10":5,"11":0,"12":0,"13":0,"14":0,"15":0,"16":0,"17":6,"18":0,"19":0,"20":0,"21":0,"22":0,"23":0,"24":0,"25":0,"26":0,"27":0,"28":0,"29":0,"30":0,"31":0,"32":0,"33":0,"34":0,"35":0,"36":0,"37":0,"38":0,"39":0,"40":0,"41":0,"42":0,"43":0,"44":0,"45":0,"46":0,"47":0,"48":0,"49":0},"b":{"0":[3,3],"1":[3,3],"2":[3,3],"3":[3,3],"4":[3,3],"5":[3,3],"6":[3,3],"7":[3,3],"8":[3,3],"9":[3,3],"10":[3,3],"11":[3,3],"12":[3,3],"13":[3,3],"14":[0,3],"15":[3,0],"16":[3,0,0],"17":[8,5],"18":[3,3],"19":[0,0],"20":[0,0],"21":[0,0],"22":[0],"23":[0,0],"24":[0,0],"25":[0,0],"26":[0,0],"27":[0,0],"28":[0,0],"29":[0,0],"30":[0,0],"31":[0,0],"32":[0,0,0,0,0],"33":[0,0],"34":[0,0,0],"35":[0,0],"36":[0,0],"37":[0,0],"38":[0,0],"39":[0,0],"40":[0,0],"41":[0,0],"42":[0,0],"43":[0,0],"44":[0,0],"45":[0,0],"46":[0,0],"47":[0,0],"48":[0,0],"49":[0,0],"50":[0,0],"51":[0,0],"52":[0,0,0],"53":[0,0],"54":[0,0],"55":[0,0],"56":[0,0],"57":[0,0],"58":[0,0],"59":[0,0],"60":[0,0],"61":[0,0],"62":[0,0],"63":[0,0],"64":[0,0],"65":[0,0],"66":[0,0],"67":[0,0],"68":[0,0],"69":[0,0],"70":[0,0],"71":[0,0],"72":[0,0],"73":[0,0],"74":[0,0],"75":[0,0],"76":[0,0],"77":[0,0],"78":[0,0],"79":[0,0],"80":[0,0],"81":[0,0],"82":[0,0],"83":[0,0],"84":[0,0],"85":[0,0],"86":[0,0],"87":[0,0],"88":[0,0],"89":[0,0],"90":[0,0],"91":[0,0],"92":[0,0],"93":[0,0],"94":[0,0],"95":[0,0],"96":[0,0],"97":[0,0],"98":[0,0],"99":[0,0],"100":[0,0],"101":[0,0],"102":[0,0],"103":[0,0],"104":[0,0],"105":[0,0],"106":[0,0],"107":[0,0],"108":[0,0],"109":[0,0],"110":[0,0],"111":[0,0],"112":[0,0],"113":[0,0],"114":[0,0],"115":[0,0],"116":[0,0],"117":[0,0],"118":[0,0],"119":[3,3],"120":[3,3],"121":[0,3],"122":[3,3]},"meta":{"lastBranch":123,"lastFunction":50,"lastStatement":452,"seen":{"f:57:15:57:31":0,"s:58:2:58:Infinity":0,"f:62:9:62:29":1,"s:63:2:63:Infinity":1,"f:67:15:67:37":2,"s:68:2:68:Infinity":2,"f:72:15:72:35":3,"s:73:2:73:Infinity":3,"f:77:15:77:35":4,"s:78:2:78:Infinity":4,"s:83:17:83:46":5,"s:84:0:84:Infinity":6,"s:90:15:122:1":7,"b:91:13:91:42:91:46:91:48":0,"b:92:12:92:40:92:44:92:46":1,"b:95:15:95:38:95:42:95:44":2,"b:105:15:105:38:105:42:105:58":3,"b:106:20:106:48:106:52:106:74":4,"b:109:21:109:50:109:54:109:56":5,"b:110:22:110:52:110:56:110:58":6,"b:113:14:113:36:113:40:113:42":7,"b:114:17:114:42:114:46:114:48":8,"b:115:14:115:36:115:40:115:42":9,"b:116:15:116:38:116:42:116:44":10,"b:117:18:117:44:117:48:117:50":11,"b:120:16:120:40:120:44:120:46":12,"b:121:14:121:36:121:40:121:42":13,"b:125:0:127:Infinity:undefined:undefined:undefined:undefined":14,"s:125:0:127:Infinity":8,"b:125:4:125:21:125:25:125:57":15,"s:126:2:126:Infinity":9,"s:130:18:130:84":10,"b:130:21:130:38:130:42:130:62:130:66:130:83":16,"s:138:17:138:150":11,"s:141:19:141:27":12,"f:147:9:147:23":5,"s:148:21:154:3":13,"s:155:2:155:Infinity":14,"b:155:9:155:46:155:50:155:72":17,"f:155:25:155:26":6,"s:155:31:155:45":15,"s:163:21:163:51":16,"b:163:21:163:35:163:39:163:51":18,"s:169:11:181:1":17,"f:169:11:169:12":7,"s:170:14:170:24":18,"s:171:2:180:Infinity":19,"s:183:12:183:50":20,"f:183:12:183:13":8,"s:183:21:183:50":21,"s:184:12:184:54":22,"f:184:12:184:13":9,"s:184:21:184:54":23,"f:187:9:187:19":10,"s:188:2:188:Infinity":24,"f:195:15:195:21":11,"b:196:2:196:Infinity:undefined:undefined:undefined:undefined":19,"s:196:2:196:Infinity":25,"b:196:6:196:26:196:30:196:48":20,"s:196:50:196:Infinity":26,"s:198:14:198:78":27,"s:199:2:228:Infinity":28,"s:200:23:200:44":29,"s:201:22:201:66":30,"f:201:33:201:34":12,"s:201:39:201:57":31,"s:203:4:217:Infinity":32,"s:204:6:214:Infinity":33,"s:216:6:216:Infinity":34,"b:219:4:223:Infinity:undefined:undefined:undefined:undefined":21,"s:219:4:223:Infinity":35,"s:220:19:220:35":36,"s:221:6:221:Infinity":37,"s:222:6:222:Infinity":38,"s:225:4:225:Infinity":39,"s:227:4:227:Infinity":40,"f:236:15:236:25":13,"b:236:42:236:67":22,"s:237:2:239:Infinity":41,"f:237:82:237:83":14,"s:238:4:238:Infinity":42,"f:243:15:243:22":15,"s:244:13:244:35":43,"b:245:2:245:Infinity:undefined:undefined:undefined:undefined":23,"s:245:2:245:Infinity":44,"s:245:11:245:Infinity":45,"s:246:2:246:Infinity":46,"f:246:23:246:24":16,"s:246:30:246:50":47,"f:250:9:250:25":17,"s:251:2:254:Infinity":48,"s:252:21:252:45":49,"s:253:4:253:Infinity":50,"s:253:9:253:44":51,"f:261:15:261:26":18,"s:262:2:262:Infinity":52,"s:263:2:266:Infinity":53,"b:269:2:272:Infinity:undefined:undefined:undefined:undefined":24,"s:269:2:272:Infinity":54,"s:270:4:270:Infinity":55,"s:271:4:271:Infinity":56,"s:275:20:275:56":57,"b:276:2:278:Infinity:undefined:undefined:undefined:undefined":25,"s:276:2:278:Infinity":58,"s:277:4:277:Infinity":59,"s:280:2:280:Infinity":60,"s
[...]
lumn":9},"end":{"line":46,"column":49}}],"line":45},"6":{"loc":{"start":{"line":47,"column":4},"end":{"line":47,"column":null}},"type":"if","locations":[{"start":{"line":47,"column":4},"end":{"line":47,"column":null}},{"start":{},"end":{}}],"line":47},"7":{"loc":{"start":{"line":49,"column":15},"end":{"line":49,"column":52}},"type":"binary-expr","locations":[{"start":{"line":49,"column":15},"end":{"line":49,"column":46}},{"start":{"line":49,"column":50},"end":{"line":49,"column":52}}],"line":49},"8":{"loc":{"start":{"line":50,"column":14},"end":{"line":50,"column":50}},"type":"binary-expr","locations":[{"start":{"line":50,"column":14},"end":{"line":50,"column":44}},{"start":{"line":50,"column":48},"end":{"line":50,"column":50}}],"line":50},"9":{"loc":{"start":{"line":51,"column":13},"end":{"line":51,"column":48}},"type":"binary-expr","locations":[{"start":{"line":51,"column":13},"end":{"line":51,"column":42}},{"start":{"line":51,"column":46},"end":{"line":51,"column":48}}],"line":51},"10":{"loc":{"start":{"line":52,"column":19},"end":{"line":52,"column":60}},"type":"binary-expr","locations":[{"start":{"line":52,"column":19},"end":{"line":52,"column":54}},{"start":{"line":52,"column":58},"end":{"line":52,"column":60}}],"line":52},"11":{"loc":{"start":{"line":53,"column":20},"end":{"line":53,"column":58}},"type":"binary-expr","locations":[{"start":{"line":53,"column":20},"end":{"line":53,"column":52}},{"start":{"line":53,"column":56},"end":{"line":53,"column":58}}],"line":53},"12":{"loc":{"start":{"line":57,"column":2},"end":{"line":61,"column":null}},"type":"if","locations":[{"start":{"line":57,"column":2},"end":{"line":61,"column":null}},{"start":{},"end":{}}],"line":57},"13":{"loc":{"start":{"line":57,"column":6},"end":{"line":57,"column":30}},"type":"binary-expr","locations":[{"start":{"line":57,"column":6},"end":{"line":57,"column":12}},{"start":{"line":57,"column":16},"end":{"line":57,"column":30}}],"line":57},"14":{"loc":{"start":{"line":59,"column":16},"end":{"line":59,"column":38}},"type":"binary-expr","locations":[{"start":{"line":59,"column":16},"end":{"line":59,"column":29}},{"start":{"line":59,"column":33},"end":{"line":59,"column":38}}],"line":59},"15":{"loc":{"start":{"line":59,"column":52},"end":{"line":59,"column":80}},"type":"binary-expr","locations":[{"start":{"line":59,"column":52},"end":{"line":59,"column":71}},{"start":{"line":59,"column":75},"end":{"line":59,"column":80}}],"line":59},"16":{"loc":{"start":{"line":65,"column":2},"end":{"line":68,"column":null}},"type":"if","locations":[{"start":{"line":65,"column":2},"end":{"line":68,"column":null}},{"start":{},"end":{}}],"line":65},"17":{"loc":{"start":{"line":86,"column":15},"end":{"line":86,"column":37}},"type":"binary-expr","locations":[{"start":{"line":86,"column":15},"end":{"line":86,"column":31}},{"start":{"line":86,"column":35},"end":{"line":86,"column":37}}],"line":86},"18":{"loc":{"start":{"line":89,"column":2},"end":{"line":95,"column":null}},"type":"if","locations":[{"start":{"line":89,"column":2},"end":{"line":95,"column":null}},{"start":{},"end":{}}],"line":89},"19":{"loc":{"start":{"line":93,"column":4},"end":{"line":93,"column":null}},"type":"if","locations":[{"start":{"line":93,"column":4},"end":{"line":93,"column":null}},{"start":{},"end":{}}],"line":93},"20":{"loc":{"start":{"line":94,"column":4},"end":{"line":94,"column":null}},"type":"if","locations":[{"start":{"line":94,"column":4},"end":{"line":94,"column":null}},{"start":{},"end":{}}],"line":94},"21":{"loc":{"start":{"line":97,"column":2},"end":{"line":107,"column":null}},"type":"if","locations":[{"start":{"line":97,"column":2},"end":{"line":107,"column":null}},{"start":{"line":103,"column":9},"end":{"line":107,"column":null}}],"line":97},"22":{"loc":{"start":{"line":98,"column":4},"end":{"line":102,"column":null}},"type":"if","locations":[{"start":{"line":98,"column":4},"end":{"line":102,"column":null}},{"start":{},"end":{}}],"line":98},"23":{"loc":{"start":{"line":98,"column":8},"end":{"line":98,"column":37}},"type":"binary-expr","locations":[{"start":{"line":98,"column":8},"end":{"line":98,"column":21}},{"start":{"line":98,"column":25},"end":{"line":98,"column":37}}],"line":98},"24":{"loc":{"start":{"line":100,"column":6},"end":{"line":100,"column":null}},"type":"if","locations":[{"start":{"line":100,"column":6},"end":{"line":100,"column":null}},{"start":{},"end":{}}],"line":100},"25":{"loc":{"start":{"line":101,"column":6},"end":{"line":101,"column":null}},"type":"if","locations":[{"start":{"line":101,"column":6},"end":{"line":101,"column":null}},{"start":{},"end":{}}],"line":101},"26":{"loc":{"start":{"line":104,"column":4},"end":{"line":104,"column":null}},"type":"if","locations":[{"start":{"line":104,"column":4},"end":{"line":104,"column":null}},{"start":{},"end":{}}],"line":104},"27":{"loc":{"start":{"line":105,"column":4},"end":{"line":105,"column":null}},"type":"if","locations":[{"start":{"line":105,"column":4},"end":{"line":105,"column":null}},{"start":{},"end":{}}],"line":105},"28":{"loc":{"start":{"line":106,"column":4},"end":{"line":106,"column":null}},"type":"if","locations":[{"start":{"line":106,"column":4},"end":{"line":106,"column":null}},{"start":{},"end":{}}],"line":106},"29":{"loc":{"start":{"line":119,"column":2},"end":{"line":121,"column":null}},"type":"if","locations":[{"start":{"line":119,"column":2},"end":{"line":121,"column":null}},{"start":{},"end":{}}],"line":119},"30":{"loc":{"start":{"line":122,"column":2},"end":{"line":122,"column":null}},"type":"if","locations":[{"start":{"line":122,"column":2},"end":{"line":122,"column":null}},{"start":{},"end":{}}],"line":122},"31":{"loc":{"start":{"line":123,"column":2},"end":{"line":123,"column":null}},"type":"if","locations":[{"start":{"line":123,"column":2},"end":{"line":123,"column":null}},{"start":{},"end":{}}],"line":123},"32":{"loc":{"start":{"line":136,"column":71},"end":{"line":136,"column":88}},"type":"default-arg","locations":[{"start":{"line":136,"column":80},"end":{"line":136,"column":88}}],"line":136},"33":{"loc":{"start":{"line":136,"column":90},"end":{"line":136,"column":107}},"type":"default-arg","locations":[{"start":{"line":136,"column":100},"end":{"line":136,"column":107}}],"line":136},"34":{"loc":{"start":{"line":138,"column":2},"end":{"line":138,"column":null}},"type":"if","locations":[{"start":{"line":138,"column":2},"end":{"line":138,"column":null}},{"start":{},"end":{}}],"line":138},"35":{"loc":{"start":{"line":148,"column":15},"end":{"line":148,"column":38}},"type":"binary-expr","locations":[{"start":{"line":148,"column":15},"end":{"line":148,"column":32}},{"start":{"line":148,"column":36},"end":{"line":148,"column":38}}],"line":148},"36":{"loc":{"start":{"line":153,"column":2},"end":{"line":156,"column":null}},"type":"if","locations":[{"start":{"line":153,"column":2},"end":{"line":156,"column":null}},{"start":{},"end":{}}],"line":153},"37":{"loc":{"start":{"line":166,"column":2},"end":{"line":168,"column":null}},"type":"if","locations":[{"start":{"line":166,"column":2},"end":{"line":168,"column":null}},{"start":{},"end":{}}],"line":166},"38":{"loc":{"start":{"line":171,"column":2},"end":{"line":173,"column":null}},"type":"if","locations":[{"start":{"line":171,"column":2},"end":{"line":173,"column":null}},{"start":{},"end":{}}],"line":171},"39":{"loc":{"start":{"line":171,"column":6},"end":{"line":171,"column":52}},"type":"binary-expr","locations":[{"start":{"line":171,"column":6},"end":{"line":171,"column":24}},{"start":{"line":171,"column":28},"end":{"line":171,"column":52}}],"line":171},"40":{"loc":{"start":{"line":172,"column":55},"end":{"line":172,"column":136}},"type":"binary-expr","locations":[{"start":{"line":172,"column":55},"end":{"line":172,"column":82}},{"start":{"line":172,"column":86},"end":{"line":172,"column":106}},{"start":{"line":172,"column":110},"end":{"line":172,"column":136}}],"line":172},"41":{"loc":{"start":{"line":176,"column":2},"end":{"line":178,"column":null}},"type":"if","locations":[{"start":{"line":176,"column":2},"end":{"line":178,"column":null}},{"start":{},"end":{}}],"line":176},"42":{"loc":{"start":{"line":187,"column":4},"end":{"line":189,"column":null}},"type":"if","locations":[{"start":{"line":187,"column":4},"end":{"line":189,"column":null}},{"start":{},"end":{}}],"line":187},"43":{"loc":{"start":{"line":198,"column":4},"end":{"line":201,"column":null}},"type":"if","locations":[{"start":{"line":198,"column":4},"end":{"line":201,"column":null}},{"start":{},"end":{}}],"line":198},"44":{"loc":{"start":{"line":205,"column":4},"end":{"line":207,"column":null}},"type":"if","locations":[{"start":{"line":205,"column":4},"end":{"line":207,"column":null}},{"start":{},"end":{}}],"line":205},"45":{"loc":{"start":{"line":205,"column":8},"end":{"line":205,"column":54}},"type":"binary-expr","locations":[{"start":{"line":205,"column":8},"end":{"line":205,"column":26}},{"start":{"line":205,"column":30},"end":{"line":205,"column":54}}],"line":205},"46":{"loc":{"start":{"line":206,"column":60},"end":{"line":206,"column":111}},"type":"binary-expr","locations":[{"start":{"line":206,"column":60},"end":{"line":206,"column":87}},{"start":{"line":206,"column":91},"end":{"line":206,"column":111}}],"line":206},"47":{"loc":{"start":{"line":209,"column":4},"end":{"line":218,"column":null}},"type":"if","locations":[{"start":{"line":209,"column":4},"end":{"line":218,"column":null}},{"start":{},"end":{}}],"line":209},"48":{"loc":{"start":{"line":209,"column":8},"end":{"line":209,"column":60}},"type":"binary-expr","locations":[{"start":{"line":209,"column":8},"end":{"line":209,"column":37}},{"start":{"line":209,"column":41},"end":{"line":209,"column":60}}],"line":209},"49":{"loc":{"start":{"line":211,"column":6},"end":{"line":213,"column":null}},"type":"if","locations":[{"start":{"line":211,"column":6},"end":{"line":213,"column":null}},{"start":{},"end":{}}],"line":211},"50":{"loc":{"start":{"line":214,"column":24},"end":{"line":214,"column":61}},"type":"binary-expr","locations":[{"start":{"line":214,"column":24},"end":{"line":214,"column":53}},{"start":{"line":214,"column":57},"end":{"line":214,"column":61}}],"line":214},"51":{"loc":{"start":{"line":216,"column":9},"end":{"line":216,"column":65}},"type":"cond-expr","locations":[{"start":{"line":216,"column":21},"end":{"line":216,"column":60}},{"start":{"line":216,"column":63},"end":{"line":216,"column":65}}],"line":216},"52":{"loc":{"start":{"line":220,"column":61},"end":{"line":220,"column":94}},"type":"binary-expr","locations":[{"start":{"line":220,"column":61},"end":{"line":220,"column":78}},{"start":{"line":220,"column":82},"end":{"line":220,"column":94}}],"line":220},"53":{"loc":{"start":{"line":235,"column":56},"end":{"line":235,"column":73}},"type":"default-arg","locations":[{"start":{"line":235,"column":65},"end":{"line":235,"column":73}}],"line":235},"54":{"loc":{"start":{"line":237,"column":18},"end":{"line":238,"column":73}},"type":"binary-expr","locations":[{"start":{"line":237,"column":18},"end":{"line":237,"column":null}},{"start":{"line":238,"column":9},"end":{"line":238,"column":73}}],"line":237},"55":{"loc":{"start":{"line":239,"column":4},"end":{"line":241,"column":null}},"type":"if","locations":[{"start":{"line":239,"column":4},"end":{"line":241,"column":null}},{"start":{},"end":{}}],"line":239},"56":{"loc":{"start":{"line":243,"column":4},"end":{"line":251,"column":null}},"type":"if","locations":[{"start":{"line":243,"column":4},"end":{"line":251,"column":null}},{"start":{},"end":{}}],"line":243},"57":{"loc":{"start":{"line":243,"column":8},"end":{"line":243,"column":50}},"type":"binary-expr","locations":[{"start":{"line":243,"column":8},"end":{"line":243,"column":24}},{"start":{"line":243,"column":28},"end":{"line":243,"column":50}}],"line":243},"58":{"loc":{"start":{"line":245,"column":6},"end":{"line":250,"column":null}},"type":"if","locations":[{"start":{"line":245,"column":6},"end":{"line":250,"column":null}},{"start":{},"end":{}}],"line":245},"59":{"loc":{"start":{"line":246,"column":25},"end":{"line":246,"column":73}},"type":"binary-expr","locations":[{"start":{"line":246,"column":25},"end":{"line":246,"column":66}},{"start":{"line":246,"column":70},"end":{"line":246,"column":73}}],"line":246},"60":{"loc":{"start":{"line":256,"column":2},"end":{"line":260,"column":null}},"type":"if","locations":[{"start":{"line":256,"column":2},"end":{"line":260,"column":null}},{"start":{"line":258,"column":9},"end":{"line":260,"column":null}}],"line":256}},"s":{"0":15,"1":15,"2":8,"3":7,"4":5,"5":2,"6":7,"7":0,"8":0,"9":0,"10":0,"11":7,"12":3,"13":3,"14":4,"15":4,"16":4,"17":2,"18":2,"19":2,"20":26,"21":26,"22":6,"23":6,"24":6,"25":6,"26":1,"27":6,"28":1,"29":26,"30":14,"31":6,"32":6,"33":5,"34":6,"35":3,"36":12,"37":2,"38":12,"39":2,"40":12,"41":2,"42":26,"43":16,"44":16,"45":4,"46":16,"47":2,"48":16,"49":1,"50":16,"51":9,"52":9,"53":1,"54":8,"55":8,"56":9,"57":9,"58":1,"59":1,"60":8,"61":8,"62":8,"63":1,"64":7,"65":7,"66":1,"67":6,"68":6,"69":1,"70":5,"71":5,"72":5,"73":5,"74":5,"75":5,"76":6,"77":0,"78":6,"79":6,"80":6,"81":1,"82":1,"83":5,"84":5,"85":0,"86":5,"87":4,"88":4,"89":0,"90":4,"91":4,"92":4,"93":1,"94":1,"95":4,"96":0,"97":0,"98":0,"99":0,"100":0,"101":0,"102":0,"103":0,"104":0,"105":0,"106":4,"107":3,"108":1,"109":4},"f":{"0":15,"1":7,"2":3,"3":0,"4":26,"5":16,"6":9,"7":0,"8":4,"9":2,"10":0},"b":{"0":[15,3,3],"1":[8,7],"2":[5,2],"3":[2,3],"4":[3],"5":[0,0],"6":[0,0],"7":[0,0],"8":[0,0],"9":[0,0],"10":[0,0],"11":[0,0],"12":[3,4],"13":[7,4],"14":[3,2],"15":[3,0],"16":[2,2],"17":[26,0],"18":[6,20],"19":[1,5],"20":[1,5],"21":[14,12],"22":[6,8],"23":[14,9],"24":[5,1],"25":[3,3],"26":[2,10],"27":[2,10],"28":[2,10],"29":[4,12],"30":[2,14],"31":[1,15],"32":[0],"33":[9],"34":[1,8],"35":[8,0],"36":[1,8],"37":[1,7],"38":[1,6],"39":[7,1],"40":[1,0,0],"41":[1,5],"42":[0,6],"43":[1,5],"44":[0,5],"45":[5,0],"46":[0,0],"47":[4,1],"48":[5,4],"49":[0,4],"50":[4,3],"51":[1,3],"52":[1,0],"53":[2],"54":[0,0],"55":[0,0],"56":[0,0],"57":[0,0],"58":[0,0],"59":[0,0],"60":[3,1]},"meta":{"lastBranch":61,"lastFunction":11,"lastStatement":110,"seen":{"f:13:16:13:36":0,"s:14:19:14:85":0,"b:14:22:14:39:14:43:14:63:14:67:14:84":0,"b:16:2:24:Infinity:undefined:undefined:undefined:undefined":1,"s:16:2:24:Infinity":1,"s:17:4:23:Infinity":2,"b:25:2:33:Infinity:undefined:undefined:undefined:undefined":2,"s:25:2:33:Infinity":3,"s:26:4:32:Infinity":4,"b:30:27:30:42:30:45:30:69":3,"s:34:2:34:Infinity":5,"f:43:22:43:44":1,"b:43:60:43:68":4,"f:43:60:43:61":2,"s:44:17:55:4":6,"f:44:37:44:38":3,"s:45:15:46:49":7,"b:45:15:45:Infinity:46:9:46:49":5,"b:47:4:47:Infinity:undefined:undefined:undefined:undefined":6,"s:47:4:47:Infinity":8,"s:47:13:47:Infinity":9,"s:48:4:54:Infinity":10,"b:49:15:49:46:49:50:49:52":7,"b:50:14:50:44:50:48:50:50":8,"b:51:13:51:42:51:46:51:48":9,"b:52:19:52:54:52:58:52:60":10,"b:53:20:53:52:53:56:53:58":11,"b:57:2:61:Infinity:undefined:undefined:undefined:undefined":12,"s:57:2:61:Infinity":11,"b:57:6:57:12:57:16:57:30":13,"s:58:4:59:Infinity":12,"b:59:16:59:29:59:33:59:38":14,"b:59:52:59:71:59:75:59:80":15,"s:60:4:60:Infinity":13,"s:63:15:63:35":14,"s:64:16:64:67":15,"b:65:2:68:Infinity:undefined:undefined:undefined:undefined":16,"s:65:2:68:Infinity":16,"s:66:4:66:Infinity":17,"s:67:4:67:Infinity":18,"s:70:2:70:Infinity":19,"f:81:16:81:34":4,"s:82:15:87:3":20,"b:86:15:86:31:86:35:86:37":17,"b:89:2:95:Infinity:undefined:undefined:undefined:undefined":18,"s:89:2:95:Infinity":21,"s:90:4:90:Infinity":22,"s:91:4:91:Infinity":23,"s:92:4:92:Infinity":24,"b:93:4:93:Infinity:undefined:undefined:undefined:undefined":19,"s:93:4:93:Infinity":25,"s:93:27:93:Infinity":26,"b:94:4:94:Infinity:undefined:undefined:undefined:undefined":20,"s:94:4:94:Infinity":27,"s:94:30:94:Infinity":28,"b:97:2:107:Infinity:103:9:107:Infinity":21,"s:97:2:107:Infinity":29,"b:98:4:102:Infinity:undefined:undefined:undefined:undefined":22,"s:98:4:102:Infinity":30,"b:98:8:98:21:98:25:98:37":23,"s:99:6:99:Infinity":31,"b:100:6:100:Infinity:undefined:undefined:undefined:undefined":24,"s:100:6:100:Infinity":32,"s:100:25:100:Infinity":33,"b:101:6:101:Infinity:undefined:undefined:undefined:undefined":25,"s:101:6:101:Infinity":34,"s:101:24:101:Infinity":35,"b:104:4:104:Infinity:undefined:undefined:undefined:undefined":26,"s:104:4:104:Infinity":36,"s:104:23:104:Infinity":37,"b:105:4:105:Infinity:undefined:undefined:undefined:undefined":27,"s:105:4:105:Infinity":38,"s:105:22:105:Infinity":39,"b:106:4:106:Infinity:undefined:undefined:undefined:undefined":28,"s:106:4:106:Infinity":40,"s:106:28:106:Infinity":41,"s:109:2:109:Infinity":42,"f:117:16:117:30":5,"s:118:17:118:28":43,"b:119:2:121:Infinity:undefined:undefined:undefined:undefined":29,"s:119:2:121:Infinity":44,"s:120:4:120:Infinity":45,"b:122:2:122:Infinity:undefined:undefined:undefined:undefined":30,"s:122:2:122:Infinity":46,"s:122:28:122:Infinity":47,"b:123:2:123:Infinity:undefined:undefined:undefined:undefined":31,"s:123:2:123:Infinity":48,"s:123:25:123:Infinity":49,"s:124:2:124:Infinity":50,"f:136:22:136:42":6,"b:136:80:136:88":32,"f:136:80:136:81":7,"b:136:100:136:107":33,"s:137:19:137:47":51,"b:138:2:138:Infinity:undefined:undefined:undefined:undefined":34,"s:138:2:138:Infinity":52,"s:138:17:138:Infinity":53,"s:140:2:140:Infinity":54,"s:142:21:149:3":55,"b:148:15:148:32:148:36:148:38":35,"s:151:15:151:75":56,"b:153:2:156:Infinity:undefined:undefined:undefined:undefined":36,"s:153:2:156:Infinity":57,"s:154:28:154:78":58,"s:155:4:155:Infinity":59,"s:158:2:158:Infinity":60,"s:160:20:164:4":61,"b:166:2:168:Infinity:undefined:undefined:undefined:undefined":37,"s:166:2:168:Infinity":62,"s:167:4:167:Infinity":63,"s:170:21:170:43":64,"b:171:2:173:Infinity:undefined:undefined:undefined:undefined":38,"s:171:2:173:Infinity":65,"b:171:6:171:24:171:28:171:52":39,"s:172:4:172:Infinity":66,"b:172:55:172:82:172:86:172:106:172:110:172:136":40,"s:175:17:175:34":67,"b:176:2:178:Infinity:undefined:undefined:undefined:undefined":41,"s:176:2:178:Infinity":68,"s:177:4:177:Infinity":69,"s:180:2:180:Infinity":70,"s:182:20:182:30":71,"s:183:23:183:27":72,"s:184:19:184:52":73,"s:186:2:221:Infinity":74,"s:186:15:186:16":75,"b:187:4:189:Infinity:undefined:undefined:undefined:undefined":42,"s:187:4:189:Infinity":76,"s:188:6:188:Infinity":77,"s:190:4:190:Infinity":78,"s:192:22:196:6":79,"b:198:4:201:Infinity:undefined:undefined:undefined:undefined":43,"s:198:4:201:Infinity":80,"s:199:6:199:Infinity":81,"s:200:6:200:Infinity":82,"s:203:23:203:45":83,"b:205:4:207:Infinity:undefined:undefined:undefined:undefined":44,"s:205:4:207:Infinity":84,"b:205:8:205:26:205:30:205:54":45,"s:206:6:206:Infinity":85,"b:206:60:206:87:206:91:206:111":46,"b:209:4:218:Infinity:undefined:undefined:undefined:undefined":47,"s:209:4:218:Infinity":86,"b:209:8:209:37:209:41:209:60":48,"s:210:20:210:45":87,"b:211:6:213:Infinity:undefined:undefined:undefined:undefined":49,"s:211:6:213:Infinity":88,"s:212:8:212:Infinity":89,"s:214:24:214:61":90,"b:214:24:214:53:214:57:214:61":50,"s:215:6:216:Infinity":91,"b:216:21:216:60:216:63:216:65":51,"s:217:6:217:Infinity":92,"s:220:4:220:Infinity":93,"b:220:61:220:78:220:82:220:94":52,"s:223:2:223:Infinity":94,"f:235:22:235:42":8,"b:235:65:235:73":53,"f:235:65:235:66":9,"s:236:19:254:11":95,"f:236:39:236:40":10,"s:237:18:238:73":96,"b:237:18:237:Infinity:238:9:238:73":54,"b:239:4:241:Infinity:undefined:undefined:undefined:undefined":55,"s:239:4:241:Infinity":97,"s:240:6:240:Infinity":98,"b:243:4:251:Infinity:undefined:undefined:undefined:undefined":56,"s:243:4:251:Infinity":99,"b:243:8:243:24:243:28:243:50":57,"s:244:22:244:64":100,"b:245:6:250:Infinity:undefined:undefined:undefined:undefined":58,"s:245:6:250:Infinity":101,"s:246:25:246:73":102,"b:246:25:246:66:246:70:246:73":59,"s:247:8:249:Infinity":103,"s:248:10:248:Infinity":104,"s:253:4:253:Infinity":105,"b:256:2:260:Infinity:258:9:260:Infinity":60,"s:256:2:260:Infinity":106,"s:257:4:257:Infinity":107,"s:259:4:259:Infinity":108,"s:262:2:262:Infinity":109},"fnNames":{}}}
}
